<?xml version="1.0" encoding="UTF-8"?>
<testsuite xmlns:xsi="http://www.w3.org/2001/XMLSchema-instance" xsi:noNamespaceSchemaLocation="https://maven.apache.org/surefire/maven-surefire-plugin/xsd/surefire-test-report-3.0.xsd" version="3.0" name="br.com.faculdade.tp3.integration.RhApiControllerIntegrationTest" time="0.721" tests="6" errors="0" skipped="0" failures="0">
  <properties>
[...]
</properties>
  <testcase name="deveAtualizarCadastroViaPut" classname="br.com.faculdade.tp3.integration.RhApiControllerIntegrationTest" time="0.101">
    <system-out><![CDATA[2026-02-19T17:10:26.445-03:00  INFO 66200 --- [           main] t.c.s.AnnotationConfigContextLoaderUtils : Could not detect default configuration classes for test class [br.com.faculdade.tp3.integration.RhApiControllerIntegrationTest]: RhApiControllerIntegrationTest does not declare any static, non-private, non-final, nested classes annotated with @Configuration.
2026-02-19T17:10:26.446-03:00  INFO 66200 --- [           main] .b.t.c.SpringBootTestContextBootstrapper : Found @SpringBootConfiguration br.com.faculdade.tp3.Tp3PerformanceCrudWebApplication for test class br.com.faculdade.tp3.integration.RhApiControllerIntegrationTest

  .   ____          _            __ _ _
 /\\ / ___'_ __ _ _(_)_ __  __ _ \ \ \ \
( ( )\___ | '_ | '_| | '_ \/ _` | \ \ \ \
 \\/  ___)| |_)| | | | | || (_| |  ) ) ) )
  '  |____| .__|_| |_|_| |_\__, | / / / /
 =========|_|==============|___/=/_/_/_/
 :: Spring Boot ::                (v3.2.6)

2026-02-19T17:10:26.455-03:00  INFO 66200 --- [           main] b.c.f.t.i.RhApiControllerIntegrationTest : Starting RhApiControllerIntegrationTest using Java 17.0.18 with PID 66200 (started by jhonm in /Users/jhonm/Documents/Projetos/Faculdade/TP3_Performance3_CRUD_Web)
2026-02-19T17:10:26.455-03:00  INFO 66200 --- [           main] b.c.f.t.i.RhApiControllerIntegrationTest : The following 1 profile is active: "test"
2026-02-19T17:10:26.497-03:00  INFO 66200 --- [           main] .s.d.r.c.RepositoryConfigurationDelegate : Bootstrapping Spring Data JPA repositories in DEFAULT mode.
2026-02-19T17:10:26.501-03:00  INFO 66200 --- [           main] .s.d.r.c.RepositoryConfigurationDelegate : Finished Spring Data repository scanning in 3 ms. Found 4 JPA repository interfaces.
2026-02-19T17:10:26.530-03:00  INFO 66200 --- [           main] o.hibernate.jpa.internal.util.LogHelper  : HHH000204: Processing PersistenceUnitInfo [name: default]
2026-02-19T17:10:26.531-03:00  INFO 66200 --- [           main] o.h.c.internal.RegionFactoryInitiator    : HHH000026: Second-level cache disabled
2026-02-19T17:10:26.532-03:00  INFO 66200 --- [           main] o.s.o.j.p.SpringPersistenceUnitInfo      : No LoadTimeWeaver setup: ignoring JPA class transformer
2026-02-19T17:10:26.532-03:00  INFO 66200 --- [           main] com.zaxxer.hikari.HikariDataSource       : HikariPool-2 - Starting...
2026-02-19T17:10:26.533-03:00  INFO 66200 --- [           main] com.zaxxer.hikari.pool.HikariPool        : HikariPool-2 - Added connection conn16: url=jdbc:h2:mem:tp3testdb user=SA
2026-02-19T17:10:26.533-03:00  INFO 66200 --- [           main] com.zaxxer.hikari.HikariDataSource       : HikariPool-2 - Start completed.
2026-02-19T17:10:26.569-03:00  INFO 66200 --- [           main] o.h.e.t.j.p.i.JtaPlatformInitiator       : HHH000489: No JTA platform available (set 'hibernate.transaction.jta.platform' to enable JTA platform integration)
2026-02-19T17:10:26.575-03:00  INFO 66200 --- [           main] j.LocalContainerEntityManagerFactoryBean : Initialized JPA EntityManagerFactory for persistence unit 'default'
2026-02-19T17:10:26.662-03:00  INFO 66200 --- [           main] o.s.b.t.m.w.SpringBootMockServletContext : Initializing Spring TestDispatcherServlet ''
2026-02-19T17:10:26.662-03:00  INFO 66200 --- [           main] o.s.t.web.servlet.TestDispatcherServlet  : Initializing Servlet ''
2026-02-19T17:10:26.662-03:00  INFO 66200 --- [           main] o.s.t.web.servlet.TestDispatcherServlet  : Completed initialization in 0 ms
2026-02-19T17:10:26.666-03:00  INFO 66200 --- [           main] b.c.f.t.i.RhApiControllerIntegrationTest : Started RhApiControllerIntegrationTest in 0.219 seconds (process running for 5.539)
]]></system-out>
  </testcase>
  <testcase name="deveSimularTimeoutComRespostaSegura" classname="br.com.faculdade.tp3.integration.RhApiControllerIntegrationTest" time="0.069"/>
  <testcase name="deveFiltrarFuncionariosAtivos" classname="br.com.faculdade.tp3.integration.RhApiControllerIntegrationTest" time="0.011"/>
  <testcase name="deveExecutarFluxoCompletoDeRh" classname="br.com.faculdade.tp3.integration.RhApiControllerIntegrationTest" time="0.026"/>
  <testcase name="deveRetornarErroValidacaoParaEntradaInvalida" classname="br.com.faculdade.tp3.integration.RhApiControllerIntegrationTest" time="0.01"/>
  <testcase name="deveSimularSobrecargaEmConcorrencia" classname="br.com.faculdade.tp3.integration.RhApiControllerIntegrationTest" time="0.26"/>
</testsuite>