<?xml version="1.0" encoding="UTF-8"?>
<testsuite xmlns:xsi="http://www.w3.org/2001/XMLSchema-instance" xsi:noNamespaceSchemaLocation="https://maven.apache.org/surefire/maven-surefire-plugin/xsd/surefire-test-report-3.0.xsd" version="3.0" name="br.com.faculdade.tp3.fuzz.RhApiFuzzTest" time="0.159" tests="7" errors="0" skipped="0" failures="0">
  <properties>
[...]
</properties>
  <testcase name="fuzzAleatorioDeveEvitarErros500" classname="br.com.faculdade.tp3.fuzz.RhApiFuzzTest" time="0.088">
    <system-out><![CDATA[2026-03-23T16:52:19.673-03:00 DEBUG 99051 --- [           main] .b.t.c.SpringBootTestContextBootstrapper : Neither @ContextConfiguration nor @ContextHierarchy found for test class [RhApiFuzzTest]: using SpringBootContextLoader
2026-03-23T16:52:19.674-03:00  INFO 99051 --- [           main] t.c.s.AnnotationConfigContextLoaderUtils : Could not detect default configuration classes for test class [br.com.faculdade.tp3.fuzz.RhApiFuzzTest]: RhApiFuzzTest does not declare any static, non-private, non-final, nested classes annotated with @Configuration.
2026-03-23T16:52:19.674-03:00 DEBUG 99051 --- [           main] .b.t.c.SpringBootTestContextBootstrapper : Using ContextCustomizerFactory implementations for test class [RhApiFuzzTest]: [ImportsContextCustomizerFactory, ExcludeFilterContextCustomizerFactory, HttpGraphQlTesterContextCustomizerFactory, DuplicateJsonObjectContextCustomizerFactory, MockitoContextCustomizerFactory, TestRestTemplateContextCustomizerFactory, WebTestClientContextCustomizerFactory, OverrideAutoConfigurationContextCustomizerFactory, ObservabilityContextCustomizerFactory, TypeExcludeFiltersContextCustomizerFactory, PropertyMappingContextCustomizerFactory, WebDriverContextCustomizerFactory, MockServerContainerContextCustomizerFactory, DynamicPropertiesContextCustomizerFactory]
2026-03-23T16:52:19.675-03:00 DEBUG 99051 --- [           main] .b.t.c.SpringBootTestContextBootstrapper : Using ContextCustomizers for test class [RhApiFuzzTest]: [ImportsContextCustomizer, ExcludeFilterContextCustomizer, DuplicateJsonObjectContextCustomizer, MockitoContextCustomizer, TestRestTemplateContextCustomizer, DisableObservabilityContextCustomizer, PropertyMappingContextCustomizer, WebDriverContextCustomizer]
2026-03-23T16:52:19.678-03:00  INFO 99051 --- [           main] .b.t.c.SpringBootTestContextBootstrapper : Found @SpringBootConfiguration br.com.faculdade.tp3.Tp3PerformanceCrudWebApplication for test class br.com.faculdade.tp3.fuzz.RhApiFuzzTest
2026-03-23T16:52:19.678-03:00 DEBUG 99051 --- [           main] .b.t.c.SpringBootTestContextBootstrapper : Using TestExecutionListeners for test class [RhApiFuzzTest]: [ServletTestExecutionListener, DirtiesContextBeforeModesTestExecutionListener, ApplicationEventsTestExecutionListener, MockitoTestExecutionListener, DependencyInjectionTestExecutionListener, DirtiesContextTestExecutionListener, TransactionalTestExecutionListener, SqlScriptsTestExecutionListener, EventPublishingTestExecutionListener, ResetMocksTestExecutionListener, RestDocsTestExecutionListener, MockRestServiceServerResetTestExecutionListener, MockMvcPrintOnlyOnFailureTestExecutionListener, WebDriverTestExecutionListener, MockWebServiceServerTestExecutionListener]
2026-03-23T16:52:19.681-03:00 DEBUG 99051 --- [           main] org.hibernate.SQL                        : select mr1_0.id,mr1_0.descricao,mr1_0.funcionario_id,mr1_0.movimentado_em,mr1_0.salario_anterior,mr1_0.salario_novo,mr1_0.tipo from movimentacoes_rh mr1_0
2026-03-23T16:52:19.682-03:00 DEBUG 99051 --- [           main] org.hibernate.SQL                        : select f1_0.id,f1_0.atualizado_em,f1_0.cargo,f1_0.cpf,f1_0.criado_em,f1_0.data_admissao,f1_0.data_demissao,f1_0.departamento_id,f1_0.email,f1_0.nome,f1_0.status from funcionarios f1_0
2026-03-23T16:52:19.682-03:00 DEBUG 99051 --- [           main] org.hibernate.SQL                        : select count(*) from departamentos d1_0
2026-03-23T16:52:19.682-03:00 DEBUG 99051 --- [           main] org.hibernate.SQL                        : select d1_0.id,d1_0.nome,d1_0.sigla from departamentos d1_0
2026-03-23T16:52:19.683-03:00 DEBUG 99051 --- [           main] s.w.s.m.m.a.RequestMappingHandlerMapping : Mapped to br.com.faculdade.tp3.controller.rh.RhApiController#contratar(FuncionarioPayload)
2026-03-23T16:52:19.684-03:00 DEBUG 99051 --- [           main] m.m.a.RequestResponseBodyMethodProcessor : Read "application/json;charset=UTF-8" to [br.com.faculdade.tp3.dto.rh.FuncionarioPayload@69270e52]
2026-03-23T16:52:19.684-03:00 DEBUG 99051 --- [           main] .m.m.a.ExceptionHandlerExceptionResolver : Using @ExceptionHandler br.com.faculdade.tp3.controller.ApiExceptionHandler#handleValidation(MethodArgumentNotValidException, HttpServletRequest)
2026-03-23T16:52:19.684-03:00 DEBUG 99051 --- [           main] o.s.w.s.m.m.a.HttpEntityMethodProcessor  : Using 'application/json', given [*/*] and supported [application/json, application/*+json]
2026-03-23T16:52:19.684-03:00 DEBUG 99051 --- [           main] o.s.w.s.m.m.a.HttpEntityMethodProcessor  : Writing [{timestamp=2026-03-23T16:52:19.684777, status=400, error=Bad Request, message=Dados inválidos, path= (truncated)...]
2026-03-23T16:52:19.685-03:00 DEBUG 99051 --- [           main] .m.m.a.ExceptionHandlerExceptionResolver : Resolved [org.springframework.web.bind.MethodArgumentNotValidException: Validation failed for argument [0] in public org.springframework.http.ResponseEntity<br.com.faculdade.tp3.model.Funcionario> br.com.faculdade.tp3.controller.rh.RhApiController.contratar(br.com.faculdade.tp3.dto.rh.FuncionarioPayload): [Field error in object 'funcionarioPayload' on field 'email': rejected value [R@TU%l&X@x.com]; codes [Email.funcionarioPayload.email,Email.email,Email.java.lang.String,Email]; arguments [org.springframework.context.support.DefaultMessageSourceResolvable: codes [funcionarioPayload.email,email]; arguments []; default message [email],[Ljakarta.validation.constraints.Pattern$Flag;@f9769ae,.*]; default message [Email inválido]] ]
2026-03-23T16:52:19.687-03:00 DEBUG 99051 --- [           main] s.w.s.m.m.a.RequestMappingHandlerMapping : Mapped to br.com.faculdade.tp3.controller.rh.RhApiController#contratar(FuncionarioPayload)
2026-03-23T16:52:19.688-03:00 DEBUG 99051 --- [           main] m.m.a.RequestResponseBodyMethodProcessor : Read "application/json;charset=UTF-8" to [br.com.faculdade.tp3.dto.rh.FuncionarioPayload@30744ef6]
2026-03-23T16:52:19.688-03:00 DEBUG 99051 --- [           main] .m.m.a.ExceptionHandlerExceptionResolver : Using @ExceptionHandler br.com.faculdade.tp3.controller.ApiExceptionHandler#handleValidation(MethodArgumentNotValidException, HttpServletRequest)
2026-03-23T16:52:19.688-03:00 DEBUG 99051 --- [           main] o.s.w.s.m.m.a.HttpEntityMethodProcessor  : Using 'application/json', given [*/*] and supported [application/json, application/*+json]
2026-03-23T16:52:19.688-03:00 DEBUG 99051 --- [           main] o.s.w.s.m.m.a.HttpEntityMethodProcessor  : Writing [{timestamp=2026-03-23T16:52:19.688390, status=400, error=Bad Request, message=Dados inválidos, path= (truncated)...]
2026-03-23T16:52:19.688-03:00 DEBUG 99051 --- [           main] .m.m.a.ExceptionHandlerExceptionResolver : Resolved [org.springframework.web.bind.MethodArgumentNotValidException: Validation failed for argument [0] in public org.springframework.http.ResponseEntity<br.com.faculdade.tp3.model.Funcionario> br.com.faculdade.tp3.controller.rh.RhApiController.contratar(br.com.faculdade.tp3.dto.rh.FuncionarioPayload): [Field error in object 'funcionarioPayload' on field 'email': rejected value [YAP>llm<Lu#mF+T cDm&e9a2+YZbqU4,@x.com]; codes [Email.funcionarioPayload.email,Email.email,Email.java.lang.String,Email]; arguments [org.springframework.context.support.DefaultMessageSourceResolvable: codes [funcionarioPayload.email,email]; arguments []; default message [email],[Ljakarta.validation.constraints.Pattern$Flag;@f9769ae,.*]; default message [Email inválido]] ]
2026-03-23T16:52:19.689-03:00 DEBUG 99051 --- [           main] s.w.s.m.m.a.RequestMappingHandlerMapping : Mapped to br.com.faculdade.tp3.controller.rh.RhApiController#contratar(FuncionarioPayload)
2026-03-23T16:52:19.689-03:00 DEBUG 99051 --- [           main] m.m.a.RequestResponseBodyMethodProcessor : Read "application/json;charset=UTF-8" to [br.com.faculdade.tp3.dto.rh.FuncionarioPayload@287ebd86]
2026-03-23T16:52:19.690-03:00 DEBUG 99051 --- [           main] .m.m.a.ExceptionHandlerExceptionResolver : Using @ExceptionHandler br.com.faculdade.tp3.controller.ApiExceptionHandler#handleBadRequest(RuntimeException, HttpServletRequest)
2026-03-23T16:52:19.690-03:00 DEBUG 99051 --- [           main] o.s.w.s.m.m.a.HttpEntityMethodProcessor  : Using 'application/json', given [*/*] and supported [application/json, application/*+json]
2026-03-23T16:52:19.690-03:00 DEBUG 99051 --- [           main] o.s.w.s.m.m.a.HttpEntityMethodProcessor  : Writing [ApiErrorResponse[timestamp=2026-03-23T16:52:19.690142, status=400, error=Bad Request, message=Nome c (truncated)...]
2026-03-23T16:52:19.690-03:00 DEBUG 99051 --- [           main] .m.m.a.ExceptionHandlerExceptionResolver : Resolved [br.com.faculdade.tp3.exception.EntradaInvalidaException: Nome contém caracteres não permitidos.]
2026-03-23T16:52:19.691-03:00 DEBUG 99051 --- [           main] s.w.s.m.m.a.RequestMappingHandlerMapping : Mapped to br.com.faculdade.tp3.controller.rh.RhApiController#contratar(FuncionarioPayload)
2026-03-23T16:52:19.691-03:00 DEBUG 99051 --- [           main] m.m.a.RequestResponseBodyMethodProcessor : Read "application/json;charset=UTF-8" to [br.com.faculdade.tp3.dto.rh.FuncionarioPayload@3db6843e]
2026-03-23T16:52:19.691-03:00 DEBUG 99051 --- [           main] .m.m.a.ExceptionHandlerExceptionResolver : Using @ExceptionHandler br.com.faculdade.tp3.controller.ApiExceptionHandler#handleValidation(MethodArgumentNotValidException, HttpServletRequest)
2026-03-23T16:52:19.691-03:00 DEBUG 99051 --- [           main] o.s.w.s.m.m.a.HttpEntityMethodProcessor  : Using 'application/json', given [*/*] and supported [application/json, application/*+json]
2026-03-23T16:52:19.691-03:00 DEBUG 99051 --- [           main] o.s.w.s.m.m.a.HttpEntityMethodProcessor  : Writing [{timestamp=2026-03-23T16:52:19.691598, status=400, error=Bad Request, message=Dados inválidos, path= (truncated)...]
2026-03-23T16:52:19.691-03:00 DEBUG 99051 --- [           main] .m.m.a.ExceptionHandlerExceptionResolver : Resolved [org.springframework.web.bind.MethodArgumentNotValidException: Validation failed for argument [0] in public org.springframework.http.ResponseEntity<br.com.faculdade.tp3.model.Funcionario> br.com.faculdade.tp3.controller.rh.RhApiController.contratar(br.com.faculdade.tp3.dto.rh.FuncionarioPayload): [Field error in object 'funcionarioPayload' on field 'email': rejected value [K(d:LiQmI)Z!j@x.com]; codes [Email.funcionarioPayload.email,Email.email,Email.java.lang.String,Email]; arguments [org.springframework.context.support.DefaultMessageSourceResolvable: codes [funcionarioPayload.email,email]; arguments []; default message [email],[Ljakarta.validation.constraints.Pattern$Flag;@f9769ae,.*]; default message [Email inválido]] ]
2026-03-23T16:52:19.692-03:00 DEBUG 99051 --- [           main] s.w.s.m.m.a.RequestMappingHandlerMapping : Mapped to br.com.faculdade.tp3.controller.rh.RhApiController#contratar(FuncionarioPayload)
2026-03-23T16:52:19.692-03:00 DEBUG 99051 --- [           main] m.m.a.RequestResponseBodyMethodProcessor : Read "application/json;charset=UTF-8" to [br.com.faculdade.tp3.dto.rh.FuncionarioPayload@75e2a6d4]
2026-03-23T16:52:19.692-03:00 DEBUG 99051 --- [           main] .m.m.a.ExceptionHandlerExceptionResolver : Using @ExceptionHandler br.com.faculdade.tp3.controller.ApiExceptionHandler#handleValidation(MethodArgumentNotValidException, HttpServletRequest)
2026-03-23T16:52:19.692-03:00 DEBUG 99051 --- [           main] o.s.w.s.m.m.a.HttpEntityMethodProcessor  : Using 'application/json', given [*/*] and supported [application/json, application/*+json]
2026-03-23T16:52:19.692-03:00 DEBUG 99051 --- [           main] o.s.w.s.m.m.a.HttpEntityMethodProcessor  : Writing [{timestamp=2026-03-23T16:52:19.692650, status=400, error=Bad Request, message=Dados inválidos, path= (truncated)...]
2026-03-23T16:52:19.692-03:00 DEBUG 99051 --- [           main] .m.m.a.ExceptionHandlerExceptionResolver : Resolved [org.springframework.web.bind.MethodArgumentNotValidException: Validation failed for argument [0] in public org.springframework.http.ResponseEntity<br.com.faculdade.tp3.model.Funcionario> br.com.faculdade.tp3.controller.rh.RhApiController.contratar(br.com.faculdade.tp3.dto.rh.FuncionarioPayload): [Field error in object 'funcionarioPayload' on field 'email': rejected value [.ry-hAyiy7a@F))naj_@x.com]; codes [Email.funcionarioPayload.email,Email.email,Email.java.lang.String,Email]; arguments [org.springframework.context.support.DefaultMessageSourceResolvable: codes [funcionarioPayload.email,email]; arguments []; default message [email],[Ljakarta.validation.constraints.Pattern$Flag;@f9769ae,.*]; default message [Email inválido]] ]
2026-03-23T16:52:19.693-03:00 DEBUG 99051 --- [           main] s.w.s.m.m.a.RequestMappingHandlerMapping : Mapped to br.com.faculdade.tp3.controller.rh.RhApiController#contratar(FuncionarioPayload)
2026-03-23T16:52:19.693-03:00 DEBUG 99051 --- [           main] m.m.a.RequestResponseBodyMethodProcessor : Read "application/json;charset=UTF-8" to [br.com.faculdade.tp3.dto.rh.FuncionarioPayload@2133512c]
2026-03-23T16:52:19.693-03:00 DEBUG 99051 --- [           main] .m.m.a.ExceptionHandlerExceptionResolver : Using @ExceptionHandler br.com.faculdade.tp3.controller.ApiExceptionHandler#handleBadRequest(RuntimeException, HttpServletRequest)
2026-03-23T16:52:19.693-03:00 DEBUG 99051 --- [           main] o.s.w.s.m.m.a.HttpEntityMethodProcessor  : Using 'application/json', given [*/*] and supported [application/json, application/*+json]
2026-03-23T16:52:19.693-03:00 DEBUG 99051 --- [           main] o.s.w.s.m.m.a.HttpEntityMethodProcessor  : Writing [ApiErrorResponse[timestamp=2026-03-23T16:52:19.693812, status=400, error=Bad Request, message=Nome c (truncated)...]
2026-03-23T16:52:19.694-03:00 DEBUG 99051 --- [           main] .m.m.a.ExceptionHandlerExceptionResolver : Resolved [br.com.faculdade.tp3.exception.EntradaInvalidaException: Nome contém conteúdo potencialmente malicioso.]
2026-03-23T16:52:19.697-03:00 DEBUG 99051 --- [           main] s.w.s.m.m.a.RequestMappingHandlerMapping : Mapped to br.com.faculdade.tp3.controller.rh.RhApiController#contratar(FuncionarioPayload)
2026-03-23T16:52:19.698-03:00 DEBUG 99051 --- [           main] m.m.a.RequestResponseBodyMethodProcessor : Read "application/json;charset=UTF-8" to [br.com.faculdade.tp3.dto.rh.FuncionarioPayload@3574f8f4]
2026-03-23T16:52:19.705-03:00 DEBUG 99051 --- [           main] .m.m.a.ExceptionHandlerExceptionResolver : Using @ExceptionHandler br.com.faculdade.tp3.controller.ApiExceptionHandler#handleValidation(MethodArgumentNotValidException, HttpServletRequest)
2026-03-23T16:52:19.706-03:00 DEBUG 99051 --- [           main] o.s.w.s.m.m.a.HttpEntityMethodProcessor  : Using 'application/json', given [*/*] and supported [application/json, application/*+json]
2026-03-23T16:52:19.706-03:00 DEBUG 99051 --- [           main] o.s.w.s.m.m.a.HttpEntityMethodProcessor  : Writing [{timestamp=2026-03-23T16:52:19.706118, status=400, error=Bad Request, message=Dados inválidos, path= (truncated)...]
2026-03-23T16:52:19.706-03:00 DEBUG 99051 --- [           main] .m.m.a.ExceptionHandlerExceptionResolver : Resolved [org.springframework.web.bind.MethodArgumentNotValidException: Validation failed for argument [0] in public org.springframework.http.ResponseEntity<br.com.faculdade.tp3.model.Funcionario> br.com.faculdade.tp3.controller.rh.RhApiController.contratar(br.com.faculdade.tp3.dto.rh.FuncionarioPayload): [Field error in object 'funcionarioPayload' on field 'email': rejected value ["{v9$SsR2GjNf^4R1XGYBue67q<e@x.com]; codes [Email.funcionarioPayload.email,Email.email,Email.java.lang.String,Email]; arguments [org.springframework.context.support.DefaultMessageSourceResolvable: codes [funcionarioPayload.email,email]; arguments []; default message [email],[Ljakarta.validation.constraints.Pattern$Flag;@f9769ae,.*]; default message [Email inválido]] ]
2026-03-23T16:52:19.708-03:00 DEBUG 99051 --- [           main] s.w.s.m.m.a.RequestMappingHandlerMapping : Mapped to br.com.faculdade.tp3.controller.rh.RhApiController#contratar(FuncionarioPayload)
2026-03-23T16:52:19.718-03:00 DEBUG 99051 --- [           main] m.m.a.RequestResponseBodyMethodProcessor : Read "application/json;charset=UTF-8" to [br.com.faculdade.tp3.dto.rh.FuncionarioPayload@10939ffc]
2026-03-23T16:52:19.718-03:00 DEBUG 99051 --- [           main] .m.m.a.ExceptionHandlerExceptionResolver : Using @ExceptionHandler br.com.faculdade.tp3.controller.ApiExceptionHandler#handleValidation(MethodArgumentNotValidException, HttpServletRequest)
2026-03-23T16:52:19.719-03:00 DEBUG 99051 --- [           main] o.s.w.s.m.m.a.HttpEntityMethodProcessor  : Using 'application/json', given [*/*] and supported [application/json, application/*+json]
2026-03-23T16:52:19.719-03:00 DEBUG 99051 --- [           main] o.s.w.s.m.m.a.HttpEntityMethodProcessor  : Writing [{timestamp=2026-03-23T16:52:19.719012, status=400, error=Bad Request, message=Dados inválidos, path= (truncated)...]
2026-03-23T16:52:19.719-03:00 DEBUG 99051 --- [           main] .m.m.a.ExceptionHandlerExceptionResolver : Resolved [org.springframework.web.bind.MethodArgumentNotValidException: Validation failed for argument [0] in public org.springframework.http.ResponseEntity<br.com.faculdade.tp3.model.Funcionario> br.com.faculdade.tp3.controller.rh.RhApiController.contratar(br.com.faculdade.tp3.dto.rh.FuncionarioPayload): [Field error in object 'funcionarioPayload' on field 'email': rejected value [n}8M-}4+&eQ#Y3O_a(oF]@x.com]; codes [Email.funcionarioPayload.email,Email.email,Email.java.lang.String,Email]; arguments [org.springframework.context.support.DefaultMessageSourceResolvable: codes [funcionarioPayload.email,email]; arguments []; default message [email],[Ljakarta.validation.constraints.Pattern$Flag;@f9769ae,.*]; default message [Email inválido]] ]
2026-03-23T16:52:19.720-03:00 DEBUG 99051 --- [           main] s.w.s.m.m.a.RequestMappingHandlerMapping : Mapped to br.com.faculdade.tp3.controller.rh.RhApiController#contratar(FuncionarioPayload)
2026-03-23T16:52:19.721-03:00 DEBUG 99051 --- [           main] m.m.a.RequestResponseBodyMethodProcessor : Read "application/json;charset=UTF-8" to [br.com.faculdade.tp3.dto.rh.FuncionarioPayload@3933e82d]
2026-03-23T16:52:19.721-03:00 DEBUG 99051 --- [           main] .m.m.a.ExceptionHandlerExceptionResolver : Using @ExceptionHandler br.com.faculdade.tp3.controller.ApiExceptionHandler#handleValidation(MethodArgumentNotValidException, HttpServletRequest)
2026-03-23T16:52:19.722-03:00 DEBUG 99051 --- [           main] o.s.w.s.m.m.a.HttpEntityMethodProcessor  : Using 'application/json', given [*/*] and supported [application/json, application/*+json]
2026-03-23T16:52:19.722-03:00 DEBUG 99051 --- [           main] o.s.w.s.m.m.a.HttpEntityMethodProcessor  : Writing [{timestamp=2026-03-23T16:52:19.721546, status=400, error=Bad Request, message=Dados inválidos, path= (truncated)...]
2026-03-23T16:52:19.722-03:00 DEBUG 99051 --- [           main] .m.m.a.ExceptionHandlerExceptionResolver : Resolved [org.springframework.web.bind.MethodArgumentNotValidException: Validation failed for argument [0] in public org.springframework.http.ResponseEntity<br.com.faculdade.tp3.model.Funcionario> br.com.faculdade.tp3.controller.rh.RhApiController.contratar(br.com.faculdade.tp3.dto.rh.FuncionarioPayload): [Field error in object 'funcionarioPayload' on field 'email': rejected value [<]>j QIK9[^,(h 6G];@x.com]; codes [Email.funcionarioPayload.email,Email.email,Email.java.lang.String,Email]; arguments [org.springframework.context.support.DefaultMessageSourceResolvable: codes [funcionarioPayload.email,email]; arguments []; default message [email],[Ljakarta.validation.constraints.Pattern$Flag;@f9769ae,.*]; default message [Email inválido]] ]
2026-03-23T16:52:19.723-03:00 DEBUG 99051 --- [           main] s.w.s.m.m.a.RequestMappingHandlerMapping : Mapped to br.com.faculdade.tp3.controller.rh.RhApiController#contratar(FuncionarioPayload)
2026-03-23T16:52:19.723-03:00 DEBUG 99051 --- [           main] m.m.a.RequestResponseBodyMethodProcessor : Read "application/json;charset=UTF-8" to [br.com.faculdade.tp3.dto.rh.FuncionarioPayload@61a329c4]
2026-03-23T16:52:19.723-03:00 DEBUG 99051 --- [           main] .m.m.a.ExceptionHandlerExceptionResolver : Using @ExceptionHandler br.com.faculdade.tp3.controller.ApiExceptionHandler#handleValidation(MethodArgumentNotValidException, HttpServletRequest)
2026-03-23T16:52:19.724-03:00 DEBUG 99051 --- [           main] o.s.w.s.m.m.a.HttpEntityMethodProcessor  : Using 'application/json', given [*/*] and supported [application/json, application/*+json]
2026-03-23T16:52:19.724-03:00 DEBUG 99051 --- [           main] o.s.w.s.m.m.a.HttpEntityMethodProcessor  : Writing [{timestamp=2026-03-23T16:52:19.723945, status=400, error=Bad Request, message=Dados inválidos, path= (truncated)...]
2026-03-23T16:52:19.724-03:00 DEBUG 99051 --- [           main] .m.m.a.ExceptionHandlerExceptionResolver : Resolved [org.springframework.web.bind.MethodArgumentNotValidException: Validation failed for argument [0] in public org.springframework.http.ResponseEntity<br.com.faculdade.tp3.model.Funcionario> br.com.faculdade.tp3.controller.rh.RhApiController.contratar(br.com.faculdade.tp3.dto.rh.FuncionarioPayload): [Field error in object 'funcionarioPayload' on field 'email': rejected value [':w@x.com]; codes [Email.funcionarioPayload.email,Email.email,Email.java.lang.String,Email]; arguments [org.springframework.context.support.DefaultMessageSourceResolvable: codes [funcionarioPayload.email,email]; arguments []; default message [email],[Ljakarta.validation.constraints.Pattern$Flag;@f9769ae,.*]; default message [Email inválido]] ]
2026-03-23T16:52:19.726-03:00 DEBUG 99051 --- [           main] s.w.s.m.m.a.RequestMappingHandlerMapping : Mapped to br.com.faculdade.tp3.controller.rh.RhApiController#contratar(FuncionarioPayload)
2026-03-23T16:52:19.727-03:00 DEBUG 99051 --- [           main] m.m.a.RequestResponseBodyMethodProcessor : Read "application/json;charset=UTF-8" to [br.com.faculdade.tp3.dto.rh.FuncionarioPayload@74ea8a33]
2026-03-23T16:52:19.727-03:00 DEBUG 99051 --- [           main] .m.m.a.ExceptionHandlerExceptionResolver : Using @ExceptionHandler br.com.faculdade.tp3.controller.ApiExceptionHandler#handleValidation(MethodArgumentNotValidException, HttpServletRequest)
2026-03-23T16:52:19.727-03:00 DEBUG 99051 --- [           main] o.s.w.s.m.m.a.HttpEntityMethodProcessor  : Using 'application/json', given [*/*] and supported [application/json, application/*+json]
2026-03-23T16:52:19.727-03:00 DEBUG 99051 --- [           main] o.s.w.s.m.m.a.HttpEntityMethodProcessor  : Writing [{timestamp=2026-03-23T16:52:19.727442, status=400, error=Bad Request, message=Dados inválidos, path= (truncated)...]
2026-03-23T16:52:19.727-03:00 DEBUG 99051 --- [           main] .m.m.a.ExceptionHandlerExceptionResolver : Resolved [org.springframework.web.bind.MethodArgumentNotValidException: Validation failed for argument [0] in public org.springframework.http.ResponseEntity<br.com.faculdade.tp3.model.Funcionario> br.com.faculdade.tp3.controller.rh.RhApiController.contratar(br.com.faculdade.tp3.dto.rh.FuncionarioPayload): [Field error in object 'funcionarioPayload' on field 'email': rejected value [@Mc)dtZln_$ymx!TQN}pjll.G&Hr_jHX@x.com]; codes [Email.funcionarioPayload.email,Email.email,Email.java.lang.String,Email]; arguments [org.springframework.context.support.DefaultMessageSourceResolvable: codes [funcionarioPayload.email,email]; arguments []; default message [email],[Ljakarta.validation.constraints.Pattern$Flag;@f9769ae,.*]; default message [Email inválido]] ]
2026-03-23T16:52:19.728-03:00 DEBUG 99051 --- [           main] s.w.s.m.m.a.RequestMappingHandlerMapping : Mapped to br.com.faculdade.tp3.controller.rh.RhApiController#contratar(FuncionarioPayload)
2026-03-23T16:52:19.728-03:00 DEBUG 99051 --- [           main] m.m.a.RequestResponseBodyMethodProcessor : Read "application/json;charset=UTF-8" to [br.com.faculdade.tp3.dto.rh.FuncionarioPayload@6c36ee80]
2026-03-23T16:52:19.728-03:00 DEBUG 99051 --- [           main] .m.m.a.ExceptionHandlerExceptionResolver : Using @ExceptionHandler br.com.faculdade.tp3.controller.ApiExceptionHandler#handleBadRequest(RuntimeException, HttpServletRequest)
2026-03-23T16:52:19.729-03:00 DEBUG 99051 --- [           main] o.s.w.s.m.m.a.HttpEntityMethodProcessor  : Using 'application/json', given [*/*] and supported [application/json, application/*+json]
2026-03-23T16:52:19.729-03:00 DEBUG 99051 --- [           main] o.s.w.s.m.m.a.HttpEntityMethodProcessor  : Writing [ApiErrorResponse[timestamp=2026-03-23T16:52:19.729001, status=400, error=Bad Request, message=Nome c (truncated)...]
2026-03-23T16:52:19.729-03:00 DEBUG 99051 --- [           main] .m.m.a.ExceptionHandlerExceptionResolver : Resolved [br.com.faculdade.tp3.exception.EntradaInvalidaException: Nome contém conteúdo potencialmente malicioso.]
2026-03-23T16:52:19.729-03:00 DEBUG 99051 --- [           main] s.w.s.m.m.a.RequestMappingHandlerMapping : Mapped to br.com.faculdade.tp3.controller.rh.RhApiController#contratar(FuncionarioPayload)
2026-03-23T16:52:19.729-03:00 DEBUG 99051 --- [           main] m.m.a.RequestResponseBodyMethodProcessor : Read "application/json;charset=UTF-8" to [br.com.faculdade.tp3.dto.rh.FuncionarioPayload@28bbdc43]
2026-03-23T16:52:19.730-03:00 DEBUG 99051 --- [           main] .m.m.a.ExceptionHandlerExceptionResolver : Using @ExceptionHandler br.com.faculdade.tp3.controller.ApiExceptionHandler#handleBadRequest(RuntimeException, HttpServletRequest)
2026-03-23T16:52:19.730-03:00 DEBUG 99051 --- [           main] o.s.w.s.m.m.a.HttpEntityMethodProcessor  : Using 'application/json', given [*/*] and supported [application/json, application/*+json]
2026-03-23T16:52:19.730-03:00 DEBUG 99051 --- [           main] o.s.w.s.m.m.a.HttpEntityMethodProcessor  : Writing [ApiErrorResponse[timestamp=2026-03-23T16:52:19.730158, status=400, error=Bad Request, message=Nome c (truncated)...]
2026-03-23T16:52:19.730-03:00 DEBUG 99051 --- [           main] .m.m.a.ExceptionHandlerExceptionResolver : Resolved [br.com.faculdade.tp3.exception.EntradaInvalidaException: Nome contém caracteres não permitidos.]
2026-03-23T16:52:19.730-03:00 DEBUG 99051 --- [           main] s.w.s.m.m.a.RequestMappingHandlerMapping : Mapped to br.com.faculdade.tp3.controller.rh.RhApiController#contratar(FuncionarioPayload)
2026-03-23T16:52:19.730-03:00 DEBUG 99051 --- [           main] m.m.a.RequestResponseBodyMethodProcessor : Read "application/json;charset=UTF-8" to [br.com.faculdade.tp3.dto.rh.FuncionarioPayload@8206075]
2026-03-23T16:52:19.731-03:00 DEBUG 99051 --- [           main] .m.m.a.ExceptionHandlerExceptionResolver : Using @ExceptionHandler br.com.faculdade.tp3.controller.ApiExceptionHandler#handleValidation(MethodArgumentNotValidException, HttpServletRequest)
2026-03-23T16:52:19.731-03:00 DEBUG 99051 --- [           main] o.s.w.s.m.m.a.HttpEntityMethodProcessor  : Using 'application/json', given [*/*] and supported [application/json, application/*+json]
2026-03-23T16:52:19.731-03:00 DEBUG 99051 --- [           main] o.s.w.s.m.m.a.HttpEntityMethodProcessor  : Writing [{timestamp=2026-03-23T16:52:19.731052, status=400, error=Bad Request, message=Dados inválidos, path= (truncated)...]
2026-03-23T16:52:19.731-03:00 DEBUG 99051 --- [           main] .m.m.a.ExceptionHandlerExceptionResolver : Resolved [org.springframework.web.bind.MethodArgumentNotValidException: Validation failed for argument [0] in public org.springframework.http.ResponseEntity<br.com.faculdade.tp3.model.Funcionario> br.com.faculdade.tp3.controller.rh.RhApiController.contratar(br.com.faculdade.tp3.dto.rh.FuncionarioPayload): [Field error in object 'funcionarioPayload' on field 'email': rejected value [FDtkaY_Y 4$-^@Q&d%GV_",u1C>F\V4@x.com]; codes [Email.funcionarioPayload.email,Email.email,Email.java.lang.String,Email]; arguments [org.springframework.context.support.DefaultMessageSourceResolvable: codes [funcionarioPayload.email,email]; arguments []; default message [email],[Ljakarta.validation.constraints.Pattern$Flag;@f9769ae,.*]; default message [Email inválido]] ]
2026-03-23T16:52:19.731-03:00 DEBUG 99051 --- [           main] s.w.s.m.m.a.RequestMappingHandlerMapping : Mapped to br.com.faculdade.tp3.controller.rh.RhApiController#contratar(FuncionarioPayload)
2026-03-23T16:52:19.731-03:00 DEBUG 99051 --- [           main] m.m.a.RequestResponseBodyMethodProcessor : Read "application/json;charset=UTF-8" to [br.com.faculdade.tp3.dto.rh.FuncionarioPayload@3f9d894b]
2026-03-23T16:52:19.731-03:00 DEBUG 99051 --- [           main] .m.m.a.ExceptionHandlerExceptionResolver : Using @ExceptionHandler br.com.faculdade.tp3.controller.ApiExceptionHandler#handleValidation(MethodArgumentNotValidException, HttpServletRequest)
2026-03-23T16:52:19.731-03:00 DEBUG 99051 --- [           main] o.s.w.s.m.m.a.HttpEntityMethodProcessor  : Using 'application/json', given [*/*] and supported [application/json, application/*+json]
2026-03-23T16:52:19.732-03:00 DEBUG 99051 --- [           main] o.s.w.s.m.m.a.HttpEntityMethodProcessor  : Writing [{timestamp=2026-03-23T16:52:19.731933, status=400, error=Bad Request, message=Dados inválidos, path= (truncated)...]
2026-03-23T16:52:19.732-03:00 DEBUG 99051 --- [           main] .m.m.a.ExceptionHandlerExceptionResolver : Resolved [org.springframework.web.bind.MethodArgumentNotValidException: Validation failed for argument [0] in public org.springframework.http.ResponseEntity<br.com.faculdade.tp3.model.Funcionario> br.com.faculdade.tp3.controller.rh.RhApiController.contratar(br.com.faculdade.tp3.dto.rh.FuncionarioPayload): [Field error in object 'funcionarioPayload' on field 'email': rejected value [e)oWp.R4t@x.com]; codes [Email.funcionarioPayload.email,Email.email,Email.java.lang.String,Email]; arguments [org.springframework.context.support.DefaultMessageSourceResolvable: codes [funcionarioPayload.email,email]; arguments []; default message [email],[Ljakarta.validation.constraints.Pattern$Flag;@f9769ae,.*]; default message [Email inválido]] ]
2026-03-23T16:52:19.732-03:00 DEBUG 99051 --- [           main] s.w.s.m.m.a.RequestMappingHandlerMapping : Mapped to br.com.faculdade.tp3.controller.rh.RhApiController#contratar(FuncionarioPayload)
2026-03-23T16:52:19.732-03:00 DEBUG 99051 --- [           main] m.m.a.RequestResponseBodyMethodProcessor : Read "application/json;charset=UTF-8" to [br.com.faculdade.tp3.dto.rh.FuncionarioPayload@421af1b4]
2026-03-23T16:52:19.733-03:00 DEBUG 99051 --- [           main] .m.m.a.ExceptionHandlerExceptionResolver : Using @ExceptionHandler br.com.faculdade.tp3.controller.ApiExceptionHandler#handleBadRequest(RuntimeException, HttpServletRequest)
2026-03-23T16:52:19.733-03:00 DEBUG 99051 --- [           main] o.s.w.s.m.m.a.HttpEntityMethodProcessor  : Using 'application/json', given [*/*] and supported [application/json, application/*+json]
2026-03-23T16:52:19.733-03:00 DEBUG 99051 --- [           main] o.s.w.s.m.m.a.HttpEntityMethodProcessor  : Writing [ApiErrorResponse[timestamp=2026-03-23T16:52:19.733028, status=400, error=Bad Request, message=Nome c (truncated)...]
2026-03-23T16:52:19.733-03:00 DEBUG 99051 --- [           main] .m.m.a.ExceptionHandlerExceptionResolver : Resolved [br.com.faculdade.tp3.exception.EntradaInvalidaException: Nome contém conteúdo potencialmente malicioso.]
2026-03-23T16:52:19.733-03:00 DEBUG 99051 --- [           main] s.w.s.m.m.a.RequestMappingHandlerMapping : Mapped to br.com.faculdade.tp3.controller.rh.RhApiController#contratar(FuncionarioPayload)
2026-03-23T16:52:19.733-03:00 DEBUG 99051 --- [           main] m.m.a.RequestResponseBodyMethodProcessor : Read "application/json;charset=UTF-8" to [br.com.faculdade.tp3.dto.rh.FuncionarioPayload@d60ed7d]
2026-03-23T16:52:19.733-03:00 DEBUG 99051 --- [           main] .m.m.a.ExceptionHandlerExceptionResolver : Using @ExceptionHandler br.com.faculdade.tp3.controller.ApiExceptionHandler#handleValidation(MethodArgumentNotValidException, HttpServletRequest)
2026-03-23T16:52:19.733-03:00 DEBUG 99051 --- [           main] o.s.w.s.m.m.a.HttpEntityMethodProcessor  : Using 'application/json', given [*/*] and supported [application/json, application/*+json]
2026-03-23T16:52:19.733-03:00 DEBUG 99051 --- [           main] o.s.w.s.m.m.a.HttpEntityMethodProcessor  : Writing [{timestamp=2026-03-23T16:52:19.733824, status=400, error=Bad Request, message=Dados inválidos, path= (truncated)...]
2026-03-23T16:52:19.734-03:00 DEBUG 99051 --- [           main] .m.m.a.ExceptionHandlerExceptionResolver : Resolved [org.springframework.web.bind.MethodArgumentNotValidException: Validation failed for argument [0] in public org.springframework.http.ResponseEntity<br.com.faculdade.tp3.model.Funcionario> br.com.faculdade.tp3.controller.rh.RhApiController.contratar(br.com.faculdade.tp3.dto.rh.FuncionarioPayload): [Field error in object 'funcionarioPayload' on field 'email': rejected value [C=m&]w=I4:;[|)@x.com]; codes [Email.funcionarioPayload.email,Email.email,Email.java.lang.String,Email]; arguments [org.springframework.context.support.DefaultMessageSourceResolvable: codes [funcionarioPayload.email,email]; arguments []; default message [email],[Ljakarta.validation.constraints.Pattern$Flag;@f9769ae,.*]; default message [Email inválido]] ]
2026-03-23T16:52:19.734-03:00 DEBUG 99051 --- [           main] s.w.s.m.m.a.RequestMappingHandlerMapping : Mapped to br.com.faculdade.tp3.controller.rh.RhApiController#contratar(FuncionarioPayload)
2026-03-23T16:52:19.734-03:00 DEBUG 99051 --- [           main] m.m.a.RequestResponseBodyMethodProcessor : Read "application/json;charset=UTF-8" to [br.com.faculdade.tp3.dto.rh.FuncionarioPayload@2a4c8c42]
2026-03-23T16:52:19.734-03:00 DEBUG 99051 --- [           main] .m.m.a.ExceptionHandlerExceptionResolver : Using @ExceptionHandler br.com.faculdade.tp3.controller.ApiExceptionHandler#handleValidation(MethodArgumentNotValidException, HttpServletRequest)
2026-03-23T16:52:19.734-03:00 DEBUG 99051 --- [           main] o.s.w.s.m.m.a.HttpEntityMethodProcessor  : Using 'application/json', given [*/*] and supported [application/json, application/*+json]
2026-03-23T16:52:19.734-03:00 DEBUG 99051 --- [           main] o.s.w.s.m.m.a.HttpEntityMethodProcessor  : Writing [{timestamp=2026-03-23T16:52:19.734792, status=400, error=Bad Request, message=Dados inválidos, path= (truncated)...]
2026-03-23T16:52:19.735-03:00 DEBUG 99051 --- [           main] .m.m.a.ExceptionHandlerExceptionResolver : Resolved [org.springframework.web.bind.MethodArgumentNotValidException: Validation failed for argument [0] in public org.springframework.http.ResponseEntity<br.com.faculdade.tp3.model.Funcionario> br.com.faculdade.tp3.controller.rh.RhApiController.contratar(br.com.faculdade.tp3.dto.rh.FuncionarioPayload): [Field error in object 'funcionarioPayload' on field 'email': rejected value [X2%60="$orR#3d6FW_v|5^@x.com]; codes [Email.funcionarioPayload.email,Email.email,Email.java.lang.String,Email]; arguments [org.springframework.context.support.DefaultMessageSourceResolvable: codes [funcionarioPayload.email,email]; arguments []; default message [email],[Ljakarta.validation.constraints.Pattern$Flag;@f9769ae,.*]; default message [Email inválido]] ]
2026-03-23T16:52:19.735-03:00 DEBUG 99051 --- [           main] s.w.s.m.m.a.RequestMappingHandlerMapping : Mapped to br.com.faculdade.tp3.controller.rh.RhApiController#contratar(FuncionarioPayload)
2026-03-23T16:52:19.735-03:00 DEBUG 99051 --- [           main] m.m.a.RequestResponseBodyMethodProcessor : Read "application/json;charset=UTF-8" to [br.com.faculdade.tp3.dto.rh.FuncionarioPayload@61a75ec3]
2026-03-23T16:52:19.735-03:00 DEBUG 99051 --- [           main] .m.m.a.ExceptionHandlerExceptionResolver : Using @ExceptionHandler br.com.faculdade.tp3.controller.ApiExceptionHandler#handleValidation(MethodArgumentNotValidException, HttpServletRequest)
2026-03-23T16:52:19.735-03:00 DEBUG 99051 --- [           main] o.s.w.s.m.m.a.HttpEntityMethodProcessor  : Using 'application/json', given [*/*] and supported [application/json, application/*+json]
2026-03-23T16:52:19.735-03:00 DEBUG 99051 --- [           main] o.s.w.s.m.m.a.HttpEntityMethodProcessor  : Writing [{timestamp=2026-03-23T16:52:19.735777, status=400, error=Bad Request, message=Dados inválidos, path= (truncated)...]
2026-03-23T16:52:19.736-03:00 DEBUG 99051 --- [           main] .m.m.a.ExceptionHandlerExceptionResolver : Resolved [org.springframework.web.bind.MethodArgumentNotValidException: Validation failed for argument [0] in public org.springframework.http.ResponseEntity<br.com.faculdade.tp3.model.Funcionario> br.com.faculdade.tp3.controller.rh.RhApiController.contratar(br.com.faculdade.tp3.dto.rh.FuncionarioPayload): [Field error in object 'funcionarioPayload' on field 'email': rejected value [h)-NkrA<s!D6T)L[Y@x.com]; codes [Email.funcionarioPayload.email,Email.email,Email.java.lang.String,Email]; arguments [org.springframework.context.support.DefaultMessageSourceResolvable: codes [funcionarioPayload.email,email]; arguments []; default message [email],[Ljakarta.validation.constraints.Pattern$Flag;@f9769ae,.*]; default message [Email inválido]] ]
2026-03-23T16:52:19.736-03:00 DEBUG 99051 --- [           main] s.w.s.m.m.a.RequestMappingHandlerMapping : Mapped to br.com.faculdade.tp3.controller.rh.RhApiController#contratar(FuncionarioPayload)
2026-03-23T16:52:19.736-03:00 DEBUG 99051 --- [           main] m.m.a.RequestResponseBodyMethodProcessor : Read "application/json;charset=UTF-8" to [br.com.faculdade.tp3.dto.rh.FuncionarioPayload@267d4494]
2026-03-23T16:52:19.736-03:00 DEBUG 99051 --- [           main] .m.m.a.ExceptionHandlerExceptionResolver : Using @ExceptionHandler br.com.faculdade.tp3.controller.ApiExceptionHandler#handleBadRequest(RuntimeException, HttpServletRequest)
2026-03-23T16:52:19.736-03:00 DEBUG 99051 --- [           main] o.s.w.s.m.m.a.HttpEntityMethodProcessor  : Using 'application/json', given [*/*] and supported [application/json, application/*+json]
2026-03-23T16:52:19.737-03:00 DEBUG 99051 --- [           main] o.s.w.s.m.m.a.HttpEntityMethodProcessor  : Writing [ApiErrorResponse[timestamp=2026-03-23T16:52:19.736922, status=400, error=Bad Request, message=Cargo  (truncated)...]
2026-03-23T16:52:19.737-03:00 DEBUG 99051 --- [           main] .m.m.a.ExceptionHandlerExceptionResolver : Resolved [br.com.faculdade.tp3.exception.EntradaInvalidaException: Cargo contém conteúdo potencialmente malicioso.]
2026-03-23T16:52:19.737-03:00 DEBUG 99051 --- [           main] s.w.s.m.m.a.RequestMappingHandlerMapping : Mapped to br.com.faculdade.tp3.controller.rh.RhApiController#contratar(FuncionarioPayload)
2026-03-23T16:52:19.737-03:00 DEBUG 99051 --- [           main] m.m.a.RequestResponseBodyMethodProcessor : Read "application/json;charset=UTF-8" to [br.com.faculdade.tp3.dto.rh.FuncionarioPayload@7f6cbda1]
2026-03-23T16:52:19.738-03:00 DEBUG 99051 --- [           main] .m.m.a.ExceptionHandlerExceptionResolver : Using @ExceptionHandler br.com.faculdade.tp3.controller.ApiExceptionHandler#handleBadRequest(RuntimeException, HttpServletRequest)
2026-03-23T16:52:19.738-03:00 DEBUG 99051 --- [           main] o.s.w.s.m.m.a.HttpEntityMethodProcessor  : Using 'application/json', given [*/*] and supported [application/json, application/*+json]
2026-03-23T16:52:19.739-03:00 DEBUG 99051 --- [           main] o.s.w.s.m.m.a.HttpEntityMethodProcessor  : Writing [ApiErrorResponse[timestamp=2026-03-23T16:52:19.738740, status=400, error=Bad Request, message=Nome c (truncated)...]
2026-03-23T16:52:19.739-03:00 DEBUG 99051 --- [           main] .m.m.a.ExceptionHandlerExceptionResolver : Resolved [br.com.faculdade.tp3.exception.EntradaInvalidaException: Nome contém conteúdo potencialmente malicioso.]
2026-03-23T16:52:19.739-03:00 DEBUG 99051 --- [           main] s.w.s.m.m.a.RequestMappingHandlerMapping : Mapped to br.com.faculdade.tp3.controller.rh.RhApiController#contratar(FuncionarioPayload)
2026-03-23T16:52:19.740-03:00 DEBUG 99051 --- [           main] m.m.a.RequestResponseBodyMethodProcessor : Read "application/json;charset=UTF-8" to [br.com.faculdade.tp3.dto.rh.FuncionarioPayload@24e6b5c9]
2026-03-23T16:52:19.740-03:00 DEBUG 99051 --- [           main] .m.m.a.ExceptionHandlerExceptionResolver : Using @ExceptionHandler br.com.faculdade.tp3.controller.ApiExceptionHandler#handleValidation(MethodArgumentNotValidException, HttpServletRequest)
2026-03-23T16:52:19.740-03:00 DEBUG 99051 --- [           main] o.s.w.s.m.m.a.HttpEntityMethodProcessor  : Using 'application/json', given [*/*] and supported [application/json, application/*+json]
2026-03-23T16:52:19.740-03:00 DEBUG 99051 --- [           main] o.s.w.s.m.m.a.HttpEntityMethodProcessor  : Writing [{timestamp=2026-03-23T16:52:19.740429, status=400, error=Bad Request, message=Dados inválidos, path= (truncated)...]
2026-03-23T16:52:19.740-03:00 DEBUG 99051 --- [           main] .m.m.a.ExceptionHandlerExceptionResolver : Resolved [org.springframework.web.bind.MethodArgumentNotValidException: Validation failed for argument [0] in public org.springframework.http.ResponseEntity<br.com.faculdade.tp3.model.Funcionario> br.com.faculdade.tp3.controller.rh.RhApiController.contratar(br.com.faculdade.tp3.dto.rh.FuncionarioPayload): [Field error in object 'funcionarioPayload' on field 'email': rejected value [<GmmL,CUp) m&@x.com]; codes [Email.funcionarioPayload.email,Email.email,Email.java.lang.String,Email]; arguments [org.springframework.context.support.DefaultMessageSourceResolvable: codes [funcionarioPayload.email,email]; arguments []; default message [email],[Ljakarta.validation.constraints.Pattern$Flag;@f9769ae,.*]; default message [Email inválido]] ]
2026-03-23T16:52:19.740-03:00 DEBUG 99051 --- [           main] s.w.s.m.m.a.RequestMappingHandlerMapping : Mapped to br.com.faculdade.tp3.controller.rh.RhApiController#contratar(FuncionarioPayload)
2026-03-23T16:52:19.741-03:00 DEBUG 99051 --- [           main] m.m.a.RequestResponseBodyMethodProcessor : Read "application/json;charset=UTF-8" to [br.com.faculdade.tp3.dto.rh.FuncionarioPayload@6471fec8]
2026-03-23T16:52:19.741-03:00 DEBUG 99051 --- [           main] .m.m.a.ExceptionHandlerExceptionResolver : Using @ExceptionHandler br.com.faculdade.tp3.controller.ApiExceptionHandler#handleValidation(MethodArgumentNotValidException, HttpServletRequest)
2026-03-23T16:52:19.741-03:00 DEBUG 99051 --- [           main] o.s.w.s.m.m.a.HttpEntityMethodProcessor  : Using 'application/json', given [*/*] and supported [application/json, application/*+json]
2026-03-23T16:52:19.741-03:00 DEBUG 99051 --- [           main] o.s.w.s.m.m.a.HttpEntityMethodProcessor  : Writing [{timestamp=2026-03-23T16:52:19.741334, status=400, error=Bad Request, message=Dados inválidos, path= (truncated)...]
2026-03-23T16:52:19.741-03:00 DEBUG 99051 --- [           main] .m.m.a.ExceptionHandlerExceptionResolver : Resolved [org.springframework.web.bind.MethodArgumentNotValidException: Validation failed for argument [0] in public org.springframework.http.ResponseEntity<br.com.faculdade.tp3.model.Funcionario> br.com.faculdade.tp3.controller.rh.RhApiController.contratar(br.com.faculdade.tp3.dto.rh.FuncionarioPayload): [Field error in object 'funcionarioPayload' on field 'email': rejected value [.ST2_'ZP?;"fow7/QR<@x.com]; codes [Email.funcionarioPayload.email,Email.email,Email.java.lang.String,Email]; arguments [org.springframework.context.support.DefaultMessageSourceResolvable: codes [funcionarioPayload.email,email]; arguments []; default message [email],[Ljakarta.validation.constraints.Pattern$Flag;@f9769ae,.*]; default message [Email inválido]] ]
2026-03-23T16:52:19.741-03:00 DEBUG 99051 --- [           main] s.w.s.m.m.a.RequestMappingHandlerMapping : Mapped to br.com.faculdade.tp3.controller.rh.RhApiController#contratar(FuncionarioPayload)
2026-03-23T16:52:19.742-03:00 DEBUG 99051 --- [           main] m.m.a.RequestResponseBodyMethodProcessor : Read "application/json;charset=UTF-8" to [br.com.faculdade.tp3.dto.rh.FuncionarioPayload@5cdb8e6]
2026-03-23T16:52:19.742-03:00 DEBUG 99051 --- [           main] .m.m.a.ExceptionHandlerExceptionResolver : Using @ExceptionHandler br.com.faculdade.tp3.controller.ApiExceptionHandler#handleValidation(MethodArgumentNotValidException, HttpServletRequest)
2026-03-23T16:52:19.742-03:00 DEBUG 99051 --- [           main] o.s.w.s.m.m.a.HttpEntityMethodProcessor  : Using 'application/json', given [*/*] and supported [application/json, application/*+json]
2026-03-23T16:52:19.742-03:00 DEBUG 99051 --- [           main] o.s.w.s.m.m.a.HttpEntityMethodProcessor  : Writing [{timestamp=2026-03-23T16:52:19.742249, status=400, error=Bad Request, message=Dados inválidos, path= (truncated)...]
2026-03-23T16:52:19.742-03:00 DEBUG 99051 --- [           main] .m.m.a.ExceptionHandlerExceptionResolver : Resolved [org.springframework.web.bind.MethodArgumentNotValidException: Validation failed for argument [0] in public org.springframework.http.ResponseEntity<br.com.faculdade.tp3.model.Funcionario> br.com.faculdade.tp3.controller.rh.RhApiController.contratar(br.com.faculdade.tp3.dto.rh.FuncionarioPayload): [Field error in object 'funcionarioPayload' on field 'email': rejected value [c|DwP&%!=[UPaDB,voZVZ7fQ^B6_^Zh?@x.com]; codes [Email.funcionarioPayload.email,Email.email,Email.java.lang.String,Email]; arguments [org.springframework.context.support.DefaultMessageSourceResolvable: codes [funcionarioPayload.email,email]; arguments []; default message [email],[Ljakarta.validation.constraints.Pattern$Flag;@f9769ae,.*]; default message [Email inválido]] ]
2026-03-23T16:52:19.742-03:00 DEBUG 99051 --- [           main] s.w.s.m.m.a.RequestMappingHandlerMapping : Mapped to br.com.faculdade.tp3.controller.rh.RhApiController#contratar(FuncionarioPayload)
2026-03-23T16:52:19.743-03:00 DEBUG 99051 --- [           main] m.m.a.RequestResponseBodyMethodProcessor : Read "application/json;charset=UTF-8" to [br.com.faculdade.tp3.dto.rh.FuncionarioPayload@591488b2]
2026-03-23T16:52:19.743-03:00 DEBUG 99051 --- [           main] .m.m.a.ExceptionHandlerExceptionResolver : Using @ExceptionHandler br.com.faculdade.tp3.controller.ApiExceptionHandler#handleValidation(MethodArgumentNotValidException, HttpServletRequest)
2026-03-23T16:52:19.743-03:00 DEBUG 99051 --- [           main] o.s.w.s.m.m.a.HttpEntityMethodProcessor  : Using 'application/json', given [*/*] and supported [application/json, application/*+json]
2026-03-23T16:52:19.743-03:00 DEBUG 99051 --- [           main] o.s.w.s.m.m.a.HttpEntityMethodProcessor  : Writing [{timestamp=2026-03-23T16:52:19.743409, status=400, error=Bad Request, message=Dados inválidos, path= (truncated)...]
2026-03-23T16:52:19.743-03:00 DEBUG 99051 --- [           main] .m.m.a.ExceptionHandlerExceptionResolver : Resolved [org.springframework.web.bind.MethodArgumentNotValidException: Validation failed for argument [0] in public org.springframework.http.ResponseEntity<br.com.faculdade.tp3.model.Funcionario> br.com.faculdade.tp3.controller.rh.RhApiController.contratar(br.com.faculdade.tp3.dto.rh.FuncionarioPayload): [Field error in object 'funcionarioPayload' on field 'email': rejected value [_[5dk0mV$wEM-.sBKTnQ|h+I.yyz@x.com]; codes [Email.funcionarioPayload.email,Email.email,Email.java.lang.String,Email]; arguments [org.springframework.context.support.DefaultMessageSourceResolvable: codes [funcionarioPayload.email,email]; arguments []; default message [email],[Ljakarta.validation.constraints.Pattern$Flag;@f9769ae,.*]; default message [Email inválido]] ]
2026-03-23T16:52:19.744-03:00 DEBUG 99051 --- [           main] s.w.s.m.m.a.RequestMappingHandlerMapping : Mapped to br.com.faculdade.tp3.controller.rh.RhApiController#contratar(FuncionarioPayload)
2026-03-23T16:52:19.744-03:00 DEBUG 99051 --- [           main] m.m.a.RequestResponseBodyMethodProcessor : Read "application/json;charset=UTF-8" to [br.com.faculdade.tp3.dto.rh.FuncionarioPayload@3e34b204]
2026-03-23T16:52:19.744-03:00 DEBUG 99051 --- [           main] .m.m.a.ExceptionHandlerExceptionResolver : Using @ExceptionHandler br.com.faculdade.tp3.controller.ApiExceptionHandler#handleBadRequest(RuntimeException, HttpServletRequest)
2026-03-23T16:52:19.744-03:00 DEBUG 99051 --- [           main] o.s.w.s.m.m.a.HttpEntityMethodProcessor  : Using 'application/json', given [*/*] and supported [application/json, application/*+json]
2026-03-23T16:52:19.744-03:00 DEBUG 99051 --- [           main] o.s.w.s.m.m.a.HttpEntityMethodProcessor  : Writing [ApiErrorResponse[timestamp=2026-03-23T16:52:19.744671, status=400, error=Bad Request, message=Nome c (truncated)...]
2026-03-23T16:52:19.744-03:00 DEBUG 99051 --- [           main] .m.m.a.ExceptionHandlerExceptionResolver : Resolved [br.com.faculdade.tp3.exception.EntradaInvalidaException: Nome contém conteúdo potencialmente malicioso.]
2026-03-23T16:52:19.745-03:00 DEBUG 99051 --- [           main] s.w.s.m.m.a.RequestMappingHandlerMapping : Mapped to br.com.faculdade.tp3.controller.rh.RhApiController#contratar(FuncionarioPayload)
2026-03-23T16:52:19.745-03:00 DEBUG 99051 --- [           main] m.m.a.RequestResponseBodyMethodProcessor : Read "application/json;charset=UTF-8" to [br.com.faculdade.tp3.dto.rh.FuncionarioPayload@49878e36]
2026-03-23T16:52:19.745-03:00 DEBUG 99051 --- [           main] .m.m.a.ExceptionHandlerExceptionResolver : Using @ExceptionHandler br.com.faculdade.tp3.controller.ApiExceptionHandler#handleValidation(MethodArgumentNotValidException, HttpServletRequest)
2026-03-23T16:52:19.745-03:00 DEBUG 99051 --- [           main] o.s.w.s.m.m.a.HttpEntityMethodProcessor  : Using 'application/json', given [*/*] and supported [application/json, application/*+json]
2026-03-23T16:52:19.745-03:00 DEBUG 99051 --- [           main] o.s.w.s.m.m.a.HttpEntityMethodProcessor  : Writing [{timestamp=2026-03-23T16:52:19.745631, status=400, error=Bad Request, message=Dados inválidos, path= (truncated)...]
2026-03-23T16:52:19.746-03:00 DEBUG 99051 --- [           main] .m.m.a.ExceptionHandlerExceptionResolver : Resolved [org.springframework.web.bind.MethodArgumentNotValidException: Validation failed for argument [0] in public org.springframework.http.ResponseEntity<br.com.faculdade.tp3.model.Funcionario> br.com.faculdade.tp3.controller.rh.RhApiController.contratar(br.com.faculdade.tp3.dto.rh.FuncionarioPayload): [Field error in object 'funcionarioPayload' on field 'email': rejected value [?ORTv]8Qa,$&3Bus"c*LtrKMy@x.com]; codes [Email.funcionarioPayload.email,Email.email,Email.java.lang.String,Email]; arguments [org.springframework.context.support.DefaultMessageSourceResolvable: codes [funcionarioPayload.email,email]; arguments []; default message [email],[Ljakarta.validation.constraints.Pattern$Flag;@f9769ae,.*]; default message [Email inválido]] ]
2026-03-23T16:52:19.746-03:00 DEBUG 99051 --- [           main] s.w.s.m.m.a.RequestMappingHandlerMapping : Mapped to br.com.faculdade.tp3.controller.rh.RhApiController#contratar(FuncionarioPayload)
2026-03-23T16:52:19.746-03:00 DEBUG 99051 --- [           main] m.m.a.RequestResponseBodyMethodProcessor : Read "application/json;charset=UTF-8" to [br.com.faculdade.tp3.dto.rh.FuncionarioPayload@53cf6123]
2026-03-23T16:52:19.746-03:00 DEBUG 99051 --- [           main] .m.m.a.ExceptionHandlerExceptionResolver : Using @ExceptionHandler br.com.faculdade.tp3.controller.ApiExceptionHandler#handleValidation(MethodArgumentNotValidException, HttpServletRequest)
2026-03-23T16:52:19.746-03:00 DEBUG 99051 --- [           main] o.s.w.s.m.m.a.HttpEntityMethodProcessor  : Using 'application/json', given [*/*] and supported [application/json, application/*+json]
2026-03-23T16:52:19.746-03:00 DEBUG 99051 --- [           main] o.s.w.s.m.m.a.HttpEntityMethodProcessor  : Writing [{timestamp=2026-03-23T16:52:19.746861, status=400, error=Bad Request, message=Dados inválidos, path= (truncated)...]
2026-03-23T16:52:19.747-03:00 DEBUG 99051 --- [           main] .m.m.a.ExceptionHandlerExceptionResolver : Resolved [org.springframework.web.bind.MethodArgumentNotValidException: Validation failed for argument [0] in public org.springframework.http.ResponseEntity<br.com.faculdade.tp3.model.Funcionario> br.com.faculdade.tp3.controller.rh.RhApiController.contratar(br.com.faculdade.tp3.dto.rh.FuncionarioPayload): [Field error in object 'funcionarioPayload' on field 'email': rejected value [Hi-J5+NX>-P{ZPm#&ZMm&O&'(w(@x.com]; codes [Email.funcionarioPayload.email,Email.email,Email.java.lang.String,Email]; arguments [org.springframework.context.support.DefaultMessageSourceResolvable: codes [funcionarioPayload.email,email]; arguments []; default message [email],[Ljakarta.validation.constraints.Pattern$Flag;@f9769ae,.*]; default message [Email inválido]] ]
2026-03-23T16:52:19.747-03:00 DEBUG 99051 --- [           main] s.w.s.m.m.a.RequestMappingHandlerMapping : Mapped to br.com.faculdade.tp3.controller.rh.RhApiController#contratar(FuncionarioPayload)
2026-03-23T16:52:19.747-03:00 DEBUG 99051 --- [           main] m.m.a.RequestResponseBodyMethodProcessor : Read "application/json;charset=UTF-8" to [br.com.faculdade.tp3.dto.rh.FuncionarioPayload@3df39cca]
2026-03-23T16:52:19.747-03:00 DEBUG 99051 --- [           main] .m.m.a.ExceptionHandlerExceptionResolver : Using @ExceptionHandler br.com.faculdade.tp3.controller.ApiExceptionHandler#handleBadRequest(RuntimeException, HttpServletRequest)
2026-03-23T16:52:19.747-03:00 DEBUG 99051 --- [           main] o.s.w.s.m.m.a.HttpEntityMethodProcessor  : Using 'application/json', given [*/*] and supported [application/json, application/*+json]
2026-03-23T16:52:19.747-03:00 DEBUG 99051 --- [           main] o.s.w.s.m.m.a.HttpEntityMethodProcessor  : Writing [ApiErrorResponse[timestamp=2026-03-23T16:52:19.747902, status=400, error=Bad Request, message=Nome c (truncated)...]
2026-03-23T16:52:19.748-03:00 DEBUG 99051 --- [           main] .m.m.a.ExceptionHandlerExceptionResolver : Resolved [br.com.faculdade.tp3.exception.EntradaInvalidaException: Nome contém conteúdo potencialmente malicioso.]
2026-03-23T16:52:19.748-03:00 DEBUG 99051 --- [           main] s.w.s.m.m.a.RequestMappingHandlerMapping : Mapped to br.com.faculdade.tp3.controller.rh.RhApiController#contratar(FuncionarioPayload)
2026-03-23T16:52:19.748-03:00 DEBUG 99051 --- [           main] m.m.a.RequestResponseBodyMethodProcessor : Read "application/json;charset=UTF-8" to [br.com.faculdade.tp3.dto.rh.FuncionarioPayload@57476b76]
2026-03-23T16:52:19.748-03:00 DEBUG 99051 --- [           main] .m.m.a.ExceptionHandlerExceptionResolver : Using @ExceptionHandler br.com.faculdade.tp3.controller.ApiExceptionHandler#handleBadRequest(RuntimeException, HttpServletRequest)
2026-03-23T16:52:19.748-03:00 DEBUG 99051 --- [           main] o.s.w.s.m.m.a.HttpEntityMethodProcessor  : Using 'application/json', given [*/*] and supported [application/json, application/*+json]
2026-03-23T16:52:19.748-03:00 DEBUG 99051 --- [           main] o.s.w.s.m.m.a.HttpEntityMethodProcessor  : Writing [ApiErrorResponse[timestamp=2026-03-23T16:52:19.748833, status=400, error=Bad Request, message=Nome c (truncated)...]
2026-03-23T16:52:19.749-03:00 DEBUG 99051 --- [           main] .m.m.a.ExceptionHandlerExceptionResolver : Resolved [br.com.faculdade.tp3.exception.EntradaInvalidaException: Nome contém conteúdo potencialmente malicioso.]
2026-03-23T16:52:19.750-03:00 DEBUG 99051 --- [           main] s.w.s.m.m.a.RequestMappingHandlerMapping : Mapped to br.com.faculdade.tp3.controller.rh.RhApiController#contratar(FuncionarioPayload)
2026-03-23T16:52:19.751-03:00 DEBUG 99051 --- [           main] m.m.a.RequestResponseBodyMethodProcessor : Read "application/json;charset=UTF-8" to [br.com.faculdade.tp3.dto.rh.FuncionarioPayload@7fa9cec4]
2026-03-23T16:52:19.751-03:00 DEBUG 99051 --- [           main] .m.m.a.ExceptionHandlerExceptionResolver : Using @ExceptionHandler br.com.faculdade.tp3.controller.ApiExceptionHandler#handleValidation(MethodArgumentNotValidException, HttpServletRequest)
2026-03-23T16:52:19.751-03:00 DEBUG 99051 --- [           main] o.s.w.s.m.m.a.HttpEntityMethodProcessor  : Using 'application/json', given [*/*] and supported [application/json, application/*+json]
2026-03-23T16:52:19.752-03:00 DEBUG 99051 --- [           main] o.s.w.s.m.m.a.HttpEntityMethodProcessor  : Writing [{timestamp=2026-03-23T16:52:19.751858, status=400, error=Bad Request, message=Dados inválidos, path= (truncated)...]
2026-03-23T16:52:19.752-03:00 DEBUG 99051 --- [           main] .m.m.a.ExceptionHandlerExceptionResolver : Resolved [org.springframework.web.bind.MethodArgumentNotValidException: Validation failed for argument [0] in public org.springframework.http.ResponseEntity<br.com.faculdade.tp3.model.Funcionario> br.com.faculdade.tp3.controller.rh.RhApiController.contratar(br.com.faculdade.tp3.dto.rh.FuncionarioPayload): [Field error in object 'funcionarioPayload' on field 'email': rejected value [KV"c&ThlE9nQI*:(UyGD,@x.com]; codes [Email.funcionarioPayload.email,Email.email,Email.java.lang.String,Email]; arguments [org.springframework.context.support.DefaultMessageSourceResolvable: codes [funcionarioPayload.email,email]; arguments []; default message [email],[Ljakarta.validation.constraints.Pattern$Flag;@f9769ae,.*]; default message [Email inválido]] ]
2026-03-23T16:52:19.752-03:00 DEBUG 99051 --- [           main] s.w.s.m.m.a.RequestMappingHandlerMapping : Mapped to br.com.faculdade.tp3.controller.rh.RhApiController#contratar(FuncionarioPayload)
2026-03-23T16:52:19.753-03:00 DEBUG 99051 --- [           main] m.m.a.RequestResponseBodyMethodProcessor : Read "application/json;charset=UTF-8" to [br.com.faculdade.tp3.dto.rh.FuncionarioPayload@1449ad79]
2026-03-23T16:52:19.753-03:00 DEBUG 99051 --- [           main] .m.m.a.ExceptionHandlerExceptionResolver : Using @ExceptionHandler br.com.faculdade.tp3.controller.ApiExceptionHandler#handleValidation(MethodArgumentNotValidException, HttpServletRequest)
2026-03-23T16:52:19.754-03:00 DEBUG 99051 --- [           main] o.s.w.s.m.m.a.HttpEntityMethodProcessor  : Using 'application/json', given [*/*] and supported [application/json, application/*+json]
2026-03-23T16:52:19.754-03:00 DEBUG 99051 --- [           main] o.s.w.s.m.m.a.HttpEntityMethodProcessor  : Writing [{timestamp=2026-03-23T16:52:19.753941, status=400, error=Bad Request, message=Dados inválidos, path= (truncated)...]
2026-03-23T16:52:19.754-03:00 DEBUG 99051 --- [           main] .m.m.a.ExceptionHandlerExceptionResolver : Resolved [org.springframework.web.bind.MethodArgumentNotValidException: Validation failed for argument [0] in public org.springframework.http.ResponseEntity<br.com.faculdade.tp3.model.Funcionario> br.com.faculdade.tp3.controller.rh.RhApiController.contratar(br.com.faculdade.tp3.dto.rh.FuncionarioPayload): [Field error in object 'funcionarioPayload' on field 'cargo': rejected value [h]; codes [Size.funcionarioPayload.cargo,Size.cargo,Size.java.lang.String,Size]; arguments [org.springframework.context.support.DefaultMessageSourceResolvable: codes [funcionarioPayload.cargo,cargo]; arguments []; default message [cargo],100,2]; default message [Cargo deve ter entre 2 e 100 caracteres]] ]
2026-03-23T16:52:19.754-03:00 DEBUG 99051 --- [           main] s.w.s.m.m.a.RequestMappingHandlerMapping : Mapped to br.com.faculdade.tp3.controller.rh.RhApiController#contratar(FuncionarioPayload)
2026-03-23T16:52:19.754-03:00 DEBUG 99051 --- [           main] m.m.a.RequestResponseBodyMethodProcessor : Read "application/json;charset=UTF-8" to [br.com.faculdade.tp3.dto.rh.FuncionarioPayload@49d74660]
2026-03-23T16:52:19.755-03:00 DEBUG 99051 --- [           main] .m.m.a.ExceptionHandlerExceptionResolver : Using @ExceptionHandler br.com.faculdade.tp3.controller.ApiExceptionHandler#handleValidation(MethodArgumentNotValidException, HttpServletRequest)
2026-03-23T16:52:19.755-03:00 DEBUG 99051 --- [           main] o.s.w.s.m.m.a.HttpEntityMethodProcessor  : Using 'application/json', given [*/*] and supported [application/json, application/*+json]
2026-03-23T16:52:19.755-03:00 DEBUG 99051 --- [           main] o.s.w.s.m.m.a.HttpEntityMethodProcessor  : Writing [{timestamp=2026-03-23T16:52:19.755072, status=400, error=Bad Request, message=Dados inválidos, path= (truncated)...]
2026-03-23T16:52:19.755-03:00 DEBUG 99051 --- [           main] .m.m.a.ExceptionHandlerExceptionResolver : Resolved [org.springframework.web.bind.MethodArgumentNotValidException: Validation failed for argument [0] in public org.springframework.http.ResponseEntity<br.com.faculdade.tp3.model.Funcionario> br.com.faculdade.tp3.controller.rh.RhApiController.contratar(br.com.faculdade.tp3.dto.rh.FuncionarioPayload): [Field error in object 'funcionarioPayload' on field 'email': rejected value [/{gBB>dW@x.com]; codes [Email.funcionarioPayload.email,Email.email,Email.java.lang.String,Email]; arguments [org.springframework.context.support.DefaultMessageSourceResolvable: codes [funcionarioPayload.email,email]; arguments []; default message [email],[Ljakarta.validation.constraints.Pattern$Flag;@f9769ae,.*]; default message [Email inválido]] ]
2026-03-23T16:52:19.755-03:00 DEBUG 99051 --- [           main] s.w.s.m.m.a.RequestMappingHandlerMapping : Mapped to br.com.faculdade.tp3.controller.rh.RhApiController#contratar(FuncionarioPayload)
2026-03-23T16:52:19.755-03:00 DEBUG 99051 --- [           main] m.m.a.RequestResponseBodyMethodProcessor : Read "application/json;charset=UTF-8" to [br.com.faculdade.tp3.dto.rh.FuncionarioPayload@4e990318]
2026-03-23T16:52:19.755-03:00 DEBUG 99051 --- [           main] .m.m.a.ExceptionHandlerExceptionResolver : Using @ExceptionHandler br.com.faculdade.tp3.controller.ApiExceptionHandler#handleValidation(MethodArgumentNotValidException, HttpServletRequest)
2026-03-23T16:52:19.755-03:00 DEBUG 99051 --- [           main] o.s.w.s.m.m.a.HttpEntityMethodProcessor  : Using 'application/json', given [*/*] and supported [application/json, application/*+json]
2026-03-23T16:52:19.756-03:00 DEBUG 99051 --- [           main] o.s.w.s.m.m.a.HttpEntityMethodProcessor  : Writing [{timestamp=2026-03-23T16:52:19.755885, status=400, error=Bad Request, message=Dados inválidos, path= (truncated)...]
2026-03-23T16:52:19.756-03:00 DEBUG 99051 --- [           main] .m.m.a.ExceptionHandlerExceptionResolver : Resolved [org.springframework.web.bind.MethodArgumentNotValidException: Validation failed for argument [0] in public org.springframework.http.ResponseEntity<br.com.faculdade.tp3.model.Funcionario> br.com.faculdade.tp3.controller.rh.RhApiController.contratar(br.com.faculdade.tp3.dto.rh.FuncionarioPayload): [Field error in object 'funcionarioPayload' on field 'email': rejected value [[r:@x.com]; codes [Email.funcionarioPayload.email,Email.email,Email.java.lang.String,Email]; arguments [org.springframework.context.support.DefaultMessageSourceResolvable: codes [funcionarioPayload.email,email]; arguments []; default message [email],[Ljakarta.validation.constraints.Pattern$Flag;@f9769ae,.*]; default message [Email inválido]] ]
2026-03-23T16:52:19.757-03:00 DEBUG 99051 --- [           main] s.w.s.m.m.a.RequestMappingHandlerMapping : Mapped to br.com.faculdade.tp3.controller.rh.RhApiController#contratar(FuncionarioPayload)
2026-03-23T16:52:19.757-03:00 DEBUG 99051 --- [           main] m.m.a.RequestResponseBodyMethodProcessor : Read "application/json;charset=UTF-8" to [br.com.faculdade.tp3.dto.rh.FuncionarioPayload@ec65c8a]
2026-03-23T16:52:19.757-03:00 DEBUG 99051 --- [           main] .m.m.a.ExceptionHandlerExceptionResolver : Using @ExceptionHandler br.com.faculdade.tp3.controller.ApiExceptionHandler#handleValidation(MethodArgumentNotValidException, HttpServletRequest)
2026-03-23T16:52:19.758-03:00 DEBUG 99051 --- [           main] o.s.w.s.m.m.a.HttpEntityMethodProcessor  : Using 'application/json', given [*/*] and supported [application/json, application/*+json]
2026-03-23T16:52:19.758-03:00 DEBUG 99051 --- [           main] o.s.w.s.m.m.a.HttpEntityMethodProcessor  : Writing [{timestamp=2026-03-23T16:52:19.758009, status=400, error=Bad Request, message=Dados inválidos, path= (truncated)...]
2026-03-23T16:52:19.758-03:00 DEBUG 99051 --- [           main] .m.m.a.ExceptionHandlerExceptionResolver : Resolved [org.springframework.web.bind.MethodArgumentNotValidException: Validation failed for argument [0] in public org.springframework.http.ResponseEntity<br.com.faculdade.tp3.model.Funcionario> br.com.faculdade.tp3.controller.rh.RhApiController.contratar(br.com.faculdade.tp3.dto.rh.FuncionarioPayload): [Field error in object 'funcionarioPayload' on field 'email': rejected value [z'9upYgskq/tzOwt/jSl,,4'bm>f00@x.com]; codes [Email.funcionarioPayload.email,Email.email,Email.java.lang.String,Email]; arguments [org.springframework.context.support.DefaultMessageSourceResolvable: codes [funcionarioPayload.email,email]; arguments []; default message [email],[Ljakarta.validation.constraints.Pattern$Flag;@f9769ae,.*]; default message [Email inválido]] ]
2026-03-23T16:52:19.758-03:00 DEBUG 99051 --- [           main] s.w.s.m.m.a.RequestMappingHandlerMapping : Mapped to br.com.faculdade.tp3.controller.rh.RhApiController#contratar(FuncionarioPayload)
2026-03-23T16:52:19.758-03:00 DEBUG 99051 --- [           main] m.m.a.RequestResponseBodyMethodProcessor : Read "application/json;charset=UTF-8" to [br.com.faculdade.tp3.dto.rh.FuncionarioPayload@d114d15]
2026-03-23T16:52:19.759-03:00 DEBUG 99051 --- [           main] .m.m.a.ExceptionHandlerExceptionResolver : Using @ExceptionHandler br.com.faculdade.tp3.controller.ApiExceptionHandler#handleValidation(MethodArgumentNotValidException, HttpServletRequest)
2026-03-23T16:52:19.759-03:00 DEBUG 99051 --- [           main] o.s.w.s.m.m.a.HttpEntityMethodProcessor  : Using 'application/json', given [*/*] and supported [application/json, application/*+json]
2026-03-23T16:52:19.759-03:00 DEBUG 99051 --- [           main] o.s.w.s.m.m.a.HttpEntityMethodProcessor  : Writing [{timestamp=2026-03-23T16:52:19.759091, status=400, error=Bad Request, message=Dados inválidos, path= (truncated)...]
2026-03-23T16:52:19.759-03:00 DEBUG 99051 --- [           main] .m.m.a.ExceptionHandlerExceptionResolver : Resolved [org.springframework.web.bind.MethodArgumentNotValidException: Validation failed for argument [0] in public org.springframework.http.ResponseEntity<br.com.faculdade.tp3.model.Funcionario> br.com.faculdade.tp3.controller.rh.RhApiController.contratar(br.com.faculdade.tp3.dto.rh.FuncionarioPayload): [Field error in object 'funcionarioPayload' on field 'email': rejected value [QJ>PtUIEx!RE[g64]\tl5>U'4qUMk,<B@x.com]; codes [Email.funcionarioPayload.email,Email.email,Email.java.lang.String,Email]; arguments [org.springframework.context.support.DefaultMessageSourceResolvable: codes [funcionarioPayload.email,email]; arguments []; default message [email],[Ljakarta.validation.constraints.Pattern$Flag;@f9769ae,.*]; default message [Email inválido]] ]
2026-03-23T16:52:19.759-03:00 DEBUG 99051 --- [           main] s.w.s.m.m.a.RequestMappingHandlerMapping : Mapped to br.com.faculdade.tp3.controller.rh.RhApiController#contratar(FuncionarioPayload)
2026-03-23T16:52:19.759-03:00 DEBUG 99051 --- [           main] m.m.a.RequestResponseBodyMethodProcessor : Read "application/json;charset=UTF-8" to [br.com.faculdade.tp3.dto.rh.FuncionarioPayload@43246511]
2026-03-23T16:52:19.761-03:00 DEBUG 99051 --- [           main] .m.m.a.ExceptionHandlerExceptionResolver : Using @ExceptionHandler br.com.faculdade.tp3.controller.ApiExceptionHandler#handleValidation(MethodArgumentNotValidException, HttpServletRequest)
2026-03-23T16:52:19.761-03:00 DEBUG 99051 --- [           main] o.s.w.s.m.m.a.HttpEntityMethodProcessor  : Using 'application/json', given [*/*] and supported [application/json, application/*+json]
2026-03-23T16:52:19.762-03:00 DEBUG 99051 --- [           main] o.s.w.s.m.m.a.HttpEntityMethodProcessor  : Writing [{timestamp=2026-03-23T16:52:19.761719, status=400, error=Bad Request, message=Dados inválidos, path= (truncated)...]
2026-03-23T16:52:19.762-03:00 DEBUG 99051 --- [           main] .m.m.a.ExceptionHandlerExceptionResolver : Resolved [org.springframework.web.bind.MethodArgumentNotValidException: Validation failed for argument [0] in public org.springframework.http.ResponseEntity<br.com.faculdade.tp3.model.Funcionario> br.com.faculdade.tp3.controller.rh.RhApiController.contratar(br.com.faculdade.tp3.dto.rh.FuncionarioPayload): [Field error in object 'funcionarioPayload' on field 'email': rejected value [8h\'68CsKf0_kf3p|v)js#oT@x.com]; codes [Email.funcionarioPayload.email,Email.email,Email.java.lang.String,Email]; arguments [org.springframework.context.support.DefaultMessageSourceResolvable: codes [funcionarioPayload.email,email]; arguments []; default message [email],[Ljakarta.validation.constraints.Pattern$Flag;@f9769ae,.*]; default message [Email inválido]] ]
2026-03-23T16:52:19.763-03:00 DEBUG 99051 --- [           main] s.w.s.m.m.a.RequestMappingHandlerMapping : Mapped to br.com.faculdade.tp3.controller.rh.RhApiController#contratar(FuncionarioPayload)
2026-03-23T16:52:19.763-03:00 DEBUG 99051 --- [           main] m.m.a.RequestResponseBodyMethodProcessor : Read "application/json;charset=UTF-8" to [br.com.faculdade.tp3.dto.rh.FuncionarioPayload@7f82e3d8]
2026-03-23T16:52:19.763-03:00 DEBUG 99051 --- [           main] .m.m.a.ExceptionHandlerExceptionResolver : Using @ExceptionHandler br.com.faculdade.tp3.controller.ApiExceptionHandler#handleValidation(MethodArgumentNotValidException, HttpServletRequest)
2026-03-23T16:52:19.764-03:00 DEBUG 99051 --- [           main] o.s.w.s.m.m.a.HttpEntityMethodProcessor  : Using 'application/json', given [*/*] and supported [application/json, application/*+json]
2026-03-23T16:52:19.764-03:00 DEBUG 99051 --- [           main] o.s.w.s.m.m.a.HttpEntityMethodProcessor  : Writing [{timestamp=2026-03-23T16:52:19.763997, status=400, error=Bad Request, message=Dados inválidos, path= (truncated)...]
2026-03-23T16:52:19.764-03:00 DEBUG 99051 --- [           main] .m.m.a.ExceptionHandlerExceptionResolver : Resolved [org.springframework.web.bind.MethodArgumentNotValidException: Validation failed for argument [0] in public org.springframework.http.ResponseEntity<br.com.faculdade.tp3.model.Funcionario> br.com.faculdade.tp3.controller.rh.RhApiController.contratar(br.com.faculdade.tp3.dto.rh.FuncionarioPayload): [Field error in object 'funcionarioPayload' on field 'email': rejected value [#t9g^<4.A]1@!XhK(z3<(@x.com]; codes [Email.funcionarioPayload.email,Email.email,Email.java.lang.String,Email]; arguments [org.springframework.context.support.DefaultMessageSourceResolvable: codes [funcionarioPayload.email,email]; arguments []; default message [email],[Ljakarta.validation.constraints.Pattern$Flag;@f9769ae,.*]; default message [Email inválido]] ]
2026-03-23T16:52:19.764-03:00 DEBUG 99051 --- [           main] s.w.s.m.m.a.RequestMappingHandlerMapping : Mapped to br.com.faculdade.tp3.controller.rh.RhApiController#contratar(FuncionarioPayload)
2026-03-23T16:52:19.765-03:00 DEBUG 99051 --- [           main] m.m.a.RequestResponseBodyMethodProcessor : Read "application/json;charset=UTF-8" to [br.com.faculdade.tp3.dto.rh.FuncionarioPayload@32da4a36]
2026-03-23T16:52:19.765-03:00 DEBUG 99051 --- [           main] .m.m.a.ExceptionHandlerExceptionResolver : Using @ExceptionHandler br.com.faculdade.tp3.controller.ApiExceptionHandler#handleValidation(MethodArgumentNotValidException, HttpServletRequest)
2026-03-23T16:52:19.765-03:00 DEBUG 99051 --- [           main] o.s.w.s.m.m.a.HttpEntityMethodProcessor  : Using 'application/json', given [*/*] and supported [application/json, application/*+json]
2026-03-23T16:52:19.765-03:00 DEBUG 99051 --- [           main] o.s.w.s.m.m.a.HttpEntityMethodProcessor  : Writing [{timestamp=2026-03-23T16:52:19.765325, status=400, error=Bad Request, message=Dados inválidos, path= (truncated)...]
2026-03-23T16:52:19.765-03:00 DEBUG 99051 --- [           main] .m.m.a.ExceptionHandlerExceptionResolver : Resolved [org.springframework.web.bind.MethodArgumentNotValidException: Validation failed for argument [0] in public org.springframework.http.ResponseEntity<br.com.faculdade.tp3.model.Funcionario> br.com.faculdade.tp3.controller.rh.RhApiController.contratar(br.com.faculdade.tp3.dto.rh.FuncionarioPayload): [Field error in object 'funcionarioPayload' on field 'email': rejected value [m)y]mrrB|zi1rgdvL7l)@x.com]; codes [Email.funcionarioPayload.email,Email.email,Email.java.lang.String,Email]; arguments [org.springframework.context.support.DefaultMessageSourceResolvable: codes [funcionarioPayload.email,email]; arguments []; default message [email],[Ljakarta.validation.constraints.Pattern$Flag;@f9769ae,.*]; default message [Email inválido]] ]
2026-03-23T16:52:19.765-03:00 DEBUG 99051 --- [           main] s.w.s.m.m.a.RequestMappingHandlerMapping : Mapped to br.com.faculdade.tp3.controller.rh.RhApiController#contratar(FuncionarioPayload)
2026-03-23T16:52:19.765-03:00 DEBUG 99051 --- [           main] m.m.a.RequestResponseBodyMethodProcessor : Read "application/json;charset=UTF-8" to [br.com.faculdade.tp3.dto.rh.FuncionarioPayload@41c853ce]
2026-03-23T16:52:19.766-03:00 DEBUG 99051 --- [           main] .m.m.a.ExceptionHandlerExceptionResolver : Using @ExceptionHandler br.com.faculdade.tp3.controller.ApiExceptionHandler#handleValidation(MethodArgumentNotValidException, HttpServletRequest)
2026-03-23T16:52:19.766-03:00 DEBUG 99051 --- [           main] o.s.w.s.m.m.a.HttpEntityMethodProcessor  : Using 'application/json', given [*/*] and supported [application/json, application/*+json]
2026-03-23T16:52:19.766-03:00 DEBUG 99051 --- [           main] o.s.w.s.m.m.a.HttpEntityMethodProcessor  : Writing [{timestamp=2026-03-23T16:52:19.766178, status=400, error=Bad Request, message=Dados inválidos, path= (truncated)...]
2026-03-23T16:52:19.766-03:00 DEBUG 99051 --- [           main] .m.m.a.ExceptionHandlerExceptionResolver : Resolved [org.springframework.web.bind.MethodArgumentNotValidException: Validation failed for argument [0] in public org.springframework.http.ResponseEntity<br.com.faculdade.tp3.model.Funcionario> br.com.faculdade.tp3.controller.rh.RhApiController.contratar(br.com.faculdade.tp3.dto.rh.FuncionarioPayload): [Field error in object 'funcionarioPayload' on field 'email': rejected value [Qqyp:D#=[DQN:Wb{}QF]@x.com]; codes [Email.funcionarioPayload.email,Email.email,Email.java.lang.String,Email]; arguments [org.springframework.context.support.DefaultMessageSourceResolvable: codes [funcionarioPayload.email,email]; arguments []; default message [email],[Ljakarta.validation.constraints.Pattern$Flag;@f9769ae,.*]; default message [Email inválido]] ]
]]></system-out>
  </testcase>
  <testcase name="deveBloquearNomesMaliciososSemVazarDetalhes(String)[1]" classname="br.com.faculdade.tp3.fuzz.RhApiFuzzTest" time="0.013">
    <system-out><![CDATA[2026-03-23T16:52:19.780-03:00 DEBUG 99051 --- [           main] org.hibernate.SQL                        : select mr1_0.id,mr1_0.descricao,mr1_0.funcionario_id,mr1_0.movimentado_em,mr1_0.salario_anterior,mr1_0.salario_novo,mr1_0.tipo from movimentacoes_rh mr1_0
2026-03-23T16:52:19.781-03:00 DEBUG 99051 --- [           main] org.hibernate.SQL                        : select f1_0.id,f1_0.atualizado_em,f1_0.cargo,f1_0.cpf,f1_0.criado_em,f1_0.data_admissao,f1_0.data_demissao,f1_0.departamento_id,f1_0.email,f1_0.nome,f1_0.status from funcionarios f1_0
2026-03-23T16:52:19.782-03:00 DEBUG 99051 --- [           main] org.hibernate.SQL                        : select count(*) from departamentos d1_0
2026-03-23T16:52:19.782-03:00 DEBUG 99051 --- [           main] org.hibernate.SQL                        : select d1_0.id,d1_0.nome,d1_0.sigla from departamentos d1_0
2026-03-23T16:52:19.789-03:00 DEBUG 99051 --- [           main] s.w.s.m.m.a.RequestMappingHandlerMapping : Mapped to br.com.faculdade.tp3.controller.rh.RhApiController#contratar(FuncionarioPayload)
2026-03-23T16:52:19.789-03:00 DEBUG 99051 --- [           main] m.m.a.RequestResponseBodyMethodProcessor : Read "application/json;charset=UTF-8" to [br.com.faculdade.tp3.dto.rh.FuncionarioPayload@4a689a90]
2026-03-23T16:52:19.790-03:00 DEBUG 99051 --- [           main] .m.m.a.ExceptionHandlerExceptionResolver : Using @ExceptionHandler br.com.faculdade.tp3.controller.ApiExceptionHandler#handleBadRequest(RuntimeException, HttpServletRequest)
2026-03-23T16:52:19.790-03:00 DEBUG 99051 --- [           main] o.s.w.s.m.m.a.HttpEntityMethodProcessor  : Using 'application/json', given [*/*] and supported [application/json, application/*+json]
2026-03-23T16:52:19.790-03:00 DEBUG 99051 --- [           main] o.s.w.s.m.m.a.HttpEntityMethodProcessor  : Writing [ApiErrorResponse[timestamp=2026-03-23T16:52:19.790057, status=400, error=Bad Request, message=Nome c (truncated)...]
2026-03-23T16:52:19.790-03:00 DEBUG 99051 --- [           main] .m.m.a.ExceptionHandlerExceptionResolver : Resolved [br.com.faculdade.tp3.exception.EntradaInvalidaException: Nome contém conteúdo potencialmente malicioso.]
]]></system-out>
  </testcase>
  <testcase name="deveBloquearNomesMaliciososSemVazarDetalhes(String)[2]" classname="br.com.faculdade.tp3.fuzz.RhApiFuzzTest" time="0.008">
    <system-out><![CDATA[2026-03-23T16:52:19.794-03:00 DEBUG 99051 --- [           main] org.hibernate.SQL                        : select mr1_0.id,mr1_0.descricao,mr1_0.funcionario_id,mr1_0.movimentado_em,mr1_0.salario_anterior,mr1_0.salario_novo,mr1_0.tipo from movimentacoes_rh mr1_0
2026-03-23T16:52:19.795-03:00 DEBUG 99051 --- [           main] org.hibernate.SQL                        : select f1_0.id,f1_0.atualizado_em,f1_0.cargo,f1_0.cpf,f1_0.criado_em,f1_0.data_admissao,f1_0.data_demissao,f1_0.departamento_id,f1_0.email,f1_0.nome,f1_0.status from funcionarios f1_0
2026-03-23T16:52:19.796-03:00 DEBUG 99051 --- [           main] org.hibernate.SQL                        : select count(*) from departamentos d1_0
2026-03-23T16:52:19.796-03:00 DEBUG 99051 --- [           main] org.hibernate.SQL                        : select d1_0.id,d1_0.nome,d1_0.sigla from departamentos d1_0
2026-03-23T16:52:19.798-03:00 DEBUG 99051 --- [           main] s.w.s.m.m.a.RequestMappingHandlerMapping : Mapped to br.com.faculdade.tp3.controller.rh.RhApiController#contratar(FuncionarioPayload)
2026-03-23T16:52:19.799-03:00 DEBUG 99051 --- [           main] m.m.a.RequestResponseBodyMethodProcessor : Read "application/json;charset=UTF-8" to [br.com.faculdade.tp3.dto.rh.FuncionarioPayload@5602c3b6]
2026-03-23T16:52:19.800-03:00 DEBUG 99051 --- [           main] .m.m.a.ExceptionHandlerExceptionResolver : Using @ExceptionHandler br.com.faculdade.tp3.controller.ApiExceptionHandler#handleBadRequest(RuntimeException, HttpServletRequest)
2026-03-23T16:52:19.800-03:00 DEBUG 99051 --- [           main] o.s.w.s.m.m.a.HttpEntityMethodProcessor  : Using 'application/json', given [*/*] and supported [application/json, application/*+json]
2026-03-23T16:52:19.800-03:00 DEBUG 99051 --- [           main] o.s.w.s.m.m.a.HttpEntityMethodProcessor  : Writing [ApiErrorResponse[timestamp=2026-03-23T16:52:19.800222, status=400, error=Bad Request, message=Nome c (truncated)...]
2026-03-23T16:52:19.800-03:00 DEBUG 99051 --- [           main] .m.m.a.ExceptionHandlerExceptionResolver : Resolved [br.com.faculdade.tp3.exception.EntradaInvalidaException: Nome contém caracteres não permitidos.]
]]></system-out>
  </testcase>
  <testcase name="deveBloquearNomesMaliciososSemVazarDetalhes(String)[3]" classname="br.com.faculdade.tp3.fuzz.RhApiFuzzTest" time="0.008">
    <system-out><![CDATA[2026-03-23T16:52:19.803-03:00 DEBUG 99051 --- [           main] org.hibernate.SQL                        : select mr1_0.id,mr1_0.descricao,mr1_0.funcionario_id,mr1_0.movimentado_em,mr1_0.salario_anterior,mr1_0.salario_novo,mr1_0.tipo from movimentacoes_rh mr1_0
2026-03-23T16:52:19.803-03:00 DEBUG 99051 --- [           main] org.hibernate.SQL                        : select f1_0.id,f1_0.atualizado_em,f1_0.cargo,f1_0.cpf,f1_0.criado_em,f1_0.data_admissao,f1_0.data_demissao,f1_0.departamento_id,f1_0.email,f1_0.nome,f1_0.status from funcionarios f1_0
2026-03-23T16:52:19.804-03:00 DEBUG 99051 --- [           main] org.hibernate.SQL                        : select count(*) from departamentos d1_0
2026-03-23T16:52:19.806-03:00 DEBUG 99051 --- [           main] org.hibernate.SQL                        : select d1_0.id,d1_0.nome,d1_0.sigla from departamentos d1_0
2026-03-23T16:52:19.807-03:00 DEBUG 99051 --- [           main] s.w.s.m.m.a.RequestMappingHandlerMapping : Mapped to br.com.faculdade.tp3.controller.rh.RhApiController#contratar(FuncionarioPayload)
2026-03-23T16:52:19.807-03:00 DEBUG 99051 --- [           main] m.m.a.RequestResponseBodyMethodProcessor : Read "application/json;charset=UTF-8" to [br.com.faculdade.tp3.dto.rh.FuncionarioPayload@4b6fa567]
2026-03-23T16:52:19.808-03:00 DEBUG 99051 --- [           main] .m.m.a.ExceptionHandlerExceptionResolver : Using @ExceptionHandler br.com.faculdade.tp3.controller.ApiExceptionHandler#handleBadRequest(RuntimeException, HttpServletRequest)
2026-03-23T16:52:19.808-03:00 DEBUG 99051 --- [           main] o.s.w.s.m.m.a.HttpEntityMethodProcessor  : Using 'application/json', given [*/*] and supported [application/json, application/*+json]
2026-03-23T16:52:19.808-03:00 DEBUG 99051 --- [           main] o.s.w.s.m.m.a.HttpEntityMethodProcessor  : Writing [ApiErrorResponse[timestamp=2026-03-23T16:52:19.808055, status=400, error=Bad Request, message=Nome c (truncated)...]
2026-03-23T16:52:19.808-03:00 DEBUG 99051 --- [           main] .m.m.a.ExceptionHandlerExceptionResolver : Resolved [br.com.faculdade.tp3.exception.EntradaInvalidaException: Nome contém caracteres não permitidos.]
]]></system-out>
  </testcase>
  <testcase name="deveBloquearNomesMaliciososSemVazarDetalhes(String)[4]" classname="br.com.faculdade.tp3.fuzz.RhApiFuzzTest" time="0.006">
    <system-out><![CDATA[2026-03-23T16:52:19.810-03:00 DEBUG 99051 --- [           main] org.hibernate.SQL                        : select mr1_0.id,mr1_0.descricao,mr1_0.funcionario_id,mr1_0.movimentado_em,mr1_0.salario_anterior,mr1_0.salario_novo,mr1_0.tipo from movimentacoes_rh mr1_0
2026-03-23T16:52:19.811-03:00 DEBUG 99051 --- [           main] org.hibernate.SQL                        : select f1_0.id,f1_0.atualizado_em,f1_0.cargo,f1_0.cpf,f1_0.criado_em,f1_0.data_admissao,f1_0.data_demissao,f1_0.departamento_id,f1_0.email,f1_0.nome,f1_0.status from funcionarios f1_0
2026-03-23T16:52:19.812-03:00 DEBUG 99051 --- [           main] org.hibernate.SQL                        : select count(*) from departamentos d1_0
2026-03-23T16:52:19.812-03:00 DEBUG 99051 --- [           main] org.hibernate.SQL                        : select d1_0.id,d1_0.nome,d1_0.sigla from departamentos d1_0
2026-03-23T16:52:19.813-03:00 DEBUG 99051 --- [           main] s.w.s.m.m.a.RequestMappingHandlerMapping : Mapped to br.com.faculdade.tp3.controller.rh.RhApiController#contratar(FuncionarioPayload)
2026-03-23T16:52:19.814-03:00 DEBUG 99051 --- [           main] m.m.a.RequestResponseBodyMethodProcessor : Read "application/json;charset=UTF-8" to [br.com.faculdade.tp3.dto.rh.FuncionarioPayload@23e1b026]
2026-03-23T16:52:19.814-03:00 DEBUG 99051 --- [           main] .m.m.a.ExceptionHandlerExceptionResolver : Using @ExceptionHandler br.com.faculdade.tp3.controller.ApiExceptionHandler#handleValidation(MethodArgumentNotValidException, HttpServletRequest)
2026-03-23T16:52:19.814-03:00 DEBUG 99051 --- [           main] o.s.w.s.m.m.a.HttpEntityMethodProcessor  : Using 'application/json', given [*/*] and supported [application/json, application/*+json]
2026-03-23T16:52:19.814-03:00 DEBUG 99051 --- [           main] o.s.w.s.m.m.a.HttpEntityMethodProcessor  : Writing [{timestamp=2026-03-23T16:52:19.814391, status=400, error=Bad Request, message=Dados inválidos, path= (truncated)...]
2026-03-23T16:52:19.814-03:00 DEBUG 99051 --- [           main] .m.m.a.ExceptionHandlerExceptionResolver : Resolved [org.springframework.web.bind.MethodArgumentNotValidException: Validation failed for argument [0] in public org.springframework.http.ResponseEntity<br.com.faculdade.tp3.model.Funcionario> br.com.faculdade.tp3.controller.rh.RhApiController.contratar(br.com.faculdade.tp3.dto.rh.FuncionarioPayload): [Field error in object 'funcionarioPayload' on field 'nome': rejected value [???]; codes [NotBlank.funcionarioPayload.nome,NotBlank.nome,NotBlank.java.lang.String,NotBlank]; arguments [org.springframework.context.support.DefaultMessageSourceResolvable: codes [funcionarioPayload.nome,nome]; arguments []; default message [nome]]; default message [Nome é obrigatório]] ]
]]></system-out>
  </testcase>
  <testcase name="deveBloquearNomesMaliciososSemVazarDetalhes(String)[5]" classname="br.com.faculdade.tp3.fuzz.RhApiFuzzTest" time="0.008">
    <system-out><![CDATA[2026-03-23T16:52:19.817-03:00 DEBUG 99051 --- [           main] org.hibernate.SQL                        : select mr1_0.id,mr1_0.descricao,mr1_0.funcionario_id,mr1_0.movimentado_em,mr1_0.salario_anterior,mr1_0.salario_novo,mr1_0.tipo from movimentacoes_rh mr1_0
2026-03-23T16:52:19.818-03:00 DEBUG 99051 --- [           main] org.hibernate.SQL                        : select f1_0.id,f1_0.atualizado_em,f1_0.cargo,f1_0.cpf,f1_0.criado_em,f1_0.data_admissao,f1_0.data_demissao,f1_0.departamento_id,f1_0.email,f1_0.nome,f1_0.status from funcionarios f1_0
2026-03-23T16:52:19.818-03:00 DEBUG 99051 --- [           main] org.hibernate.SQL                        : select count(*) from departamentos d1_0
2026-03-23T16:52:19.818-03:00 DEBUG 99051 --- [           main] org.hibernate.SQL                        : select d1_0.id,d1_0.nome,d1_0.sigla from departamentos d1_0
2026-03-23T16:52:19.819-03:00 DEBUG 99051 --- [           main] s.w.s.m.m.a.RequestMappingHandlerMapping : Mapped to br.com.faculdade.tp3.controller.rh.RhApiController#contratar(FuncionarioPayload)
2026-03-23T16:52:19.820-03:00 DEBUG 99051 --- [           main] m.m.a.RequestResponseBodyMethodProcessor : Read "application/json;charset=UTF-8" to [br.com.faculdade.tp3.dto.rh.FuncionarioPayload@4d3fc22d]
2026-03-23T16:52:19.821-03:00 DEBUG 99051 --- [           main] .m.m.a.ExceptionHandlerExceptionResolver : Using @ExceptionHandler br.com.faculdade.tp3.controller.ApiExceptionHandler#handleBadRequest(RuntimeException, HttpServletRequest)
2026-03-23T16:52:19.821-03:00 DEBUG 99051 --- [           main] o.s.w.s.m.m.a.HttpEntityMethodProcessor  : Using 'application/json', given [*/*] and supported [application/json, application/*+json]
2026-03-23T16:52:19.821-03:00 DEBUG 99051 --- [           main] o.s.w.s.m.m.a.HttpEntityMethodProcessor  : Writing [ApiErrorResponse[timestamp=2026-03-23T16:52:19.821642, status=400, error=Bad Request, message=Nome c (truncated)...]
2026-03-23T16:52:19.822-03:00 DEBUG 99051 --- [           main] .m.m.a.ExceptionHandlerExceptionResolver : Resolved [br.com.faculdade.tp3.exception.EntradaInvalidaException: Nome contém conteúdo potencialmente malicioso.]
]]></system-out>
  </testcase>
  <testcase name="deveBloquearNomesMaliciososSemVazarDetalhes(String)[6]" classname="br.com.faculdade.tp3.fuzz.RhApiFuzzTest" time="0.006">
    <system-out><![CDATA[2026-03-23T16:52:19.825-03:00 DEBUG 99051 --- [           main] org.hibernate.SQL                        : select mr1_0.id,mr1_0.descricao,mr1_0.funcionario_id,mr1_0.movimentado_em,mr1_0.salario_anterior,mr1_0.salario_novo,mr1_0.tipo from movimentacoes_rh mr1_0
2026-03-23T16:52:19.826-03:00 DEBUG 99051 --- [           main] org.hibernate.SQL                        : select f1_0.id,f1_0.atualizado_em,f1_0.cargo,f1_0.cpf,f1_0.criado_em,f1_0.data_admissao,f1_0.data_demissao,f1_0.departamento_id,f1_0.email,f1_0.nome,f1_0.status from funcionarios f1_0
2026-03-23T16:52:19.826-03:00 DEBUG 99051 --- [           main] org.hibernate.SQL                        : select count(*) from departamentos d1_0
2026-03-23T16:52:19.827-03:00 DEBUG 99051 --- [           main] org.hibernate.SQL                        : select d1_0.id,d1_0.nome,d1_0.sigla from departamentos d1_0
2026-03-23T16:52:19.828-03:00 DEBUG 99051 --- [           main] s.w.s.m.m.a.RequestMappingHandlerMapping : Mapped to br.com.faculdade.tp3.controller.rh.RhApiController#contratar(FuncionarioPayload)
2026-03-23T16:52:19.828-03:00 DEBUG 99051 --- [           main] m.m.a.RequestResponseBodyMethodProcessor : Read "application/json;charset=UTF-8" to [br.com.faculdade.tp3.dto.rh.FuncionarioPayload@3094e328]
2026-03-23T16:52:19.828-03:00 DEBUG 99051 --- [           main] .m.m.a.ExceptionHandlerExceptionResolver : Using @ExceptionHandler br.com.faculdade.tp3.controller.ApiExceptionHandler#handleBadRequest(RuntimeException, HttpServletRequest)
2026-03-23T16:52:19.829-03:00 DEBUG 99051 --- [           main] o.s.w.s.m.m.a.HttpEntityMethodProcessor  : Using 'application/json', given [*/*] and supported [application/json, application/*+json]
2026-03-23T16:52:19.829-03:00 DEBUG 99051 --- [           main] o.s.w.s.m.m.a.HttpEntityMethodProcessor  : Writing [ApiErrorResponse[timestamp=2026-03-23T16:52:19.828914, status=400, error=Bad Request, message=Nome c (truncated)...]
2026-03-23T16:52:19.829-03:00 DEBUG 99051 --- [           main] .m.m.a.ExceptionHandlerExceptionResolver : Resolved [br.com.faculdade.tp3.exception.EntradaInvalidaException: Nome contém conteúdo potencialmente malicioso.]
]]></system-out>
  </testcase>
</testsuite>